#
# A fatal error has been detected by the Java Runtime Environment:
#
#  EXCEPTION_ACCESS_VIOLATION (0xc0000005) at pc=0x00007ff921bac4be, pid=9088, tid=15500
#
# JRE version: OpenJDK Runtime Environment (16.0.2+7) (build 16.0.2+7-67)
# Java VM: OpenJDK 64-Bit Server VM (16.0.2+7-67, mixed mode, sharing, tiered, compressed oops, compressed class ptrs, g1 gc, windows-amd64)
# Problematic frame:
# C  [native-platform-file-events.dll+0x1c4be]
#
# No core dump will be written. Minidumps are not enabled by default on client versions of Windows
#
# If you would like to submit a bug report, please visit:
#   https://bugreport.java.com/bugreport/crash.jsp
# The crash happened outside the Java Virtual Machine in native code.
# See problematic frame for where to report the bug.
#

---------------  S U M M A R Y ------------

Command Line: -XX:MaxMetaspaceSize=256m -XX:+HeapDumpOnOutOfMemoryError --add-opens=java.base/java.util=ALL-UNNAMED --add-opens=java.base/java.lang=ALL-UNNAMED --add-opens=java.base/java.lang.invoke=ALL-UNNAMED --add-opens=java.base/java.util=ALL-UNNAMED --add-opens=java.prefs/java.util.prefs=ALL-UNNAMED --add-opens=java.prefs/java.util.prefs=ALL-UNNAMED --add-opens=java.base/java.nio.charset=ALL-UNNAMED --add-opens=java.base/java.net=ALL-UNNAMED --add-opens=java.base/java.util.concurrent.atomic=ALL-UNNAMED -Xms256m -Xmx512m -Dfile.encoding=windows-1252 -Duser.country=US -Duser.language=en -Duser.variant org.gradle.launcher.daemon.bootstrap.GradleDaemon 7.1

Host: Intel(R) Core(TM) i5-8500T CPU @ 2.10GHz, 6 cores, 15G,  Windows 10 , 64 bit Build 19041 (10.0.19041.1202)
Time: Tue Sep 21 10:05:42 2021 Mountain Daylight Time elapsed time: 1115.213274 seconds (0d 0h 18m 35s)

---------------  T H R E A D  ---------------

Current thread (0x0000018c7a97ba80):  JavaThread "File watcher server" daemon [_thread_in_native, id=15500, stack(0x0000000e62f00000,0x0000000e63000000)]

Stack: [0x0000000e62f00000,0x0000000e63000000],  sp=0x0000000e62ffe410,  free space=1017k
Native frames: (J=compiled Java code, j=interpreted, Vv=VM code, C=native code)
C  [native-platform-file-events.dll+0x1c4be]

Java frames: (J=compiled Java code, j=interpreted, Vv=VM code)
j  net.rubygrapefruit.platform.internal.jni.AbstractFileEventFunctions$NativeFileWatcher.executeRunLoop0(Ljava/lang/Object;)V+0
j  net.rubygrapefruit.platform.internal.jni.AbstractFileEventFunctions$NativeFileWatcher.access$100(Lnet/rubygrapefruit/platform/internal/jni/AbstractFileEventFunctions$NativeFileWatcher;Ljava/lang/Object;)V+2
j  net.rubygrapefruit.platform.internal.jni.AbstractFileEventFunctions$NativeFileWatcher$1.run()V+26
v  ~StubRoutines::call_stub

siginfo: EXCEPTION_ACCESS_VIOLATION (0xc0000005), reading address 0xffffffffffffffff


Register to memory mapping:

RIP=0x00007ff921bac4be native-platform-file-events.dll
RAX=0x0061006c005c0073 is an unknown value
RBX=0x0000000000000001 is an unknown value
RCX=0x0061006c005c0073 is an unknown value
RDX=0x0000000e62ffe468 is pointing into the stack for thread: 0x0000018c7a97ba80
RSP=0x0000000e62ffe410 is pointing into the stack for thread: 0x0000018c7a97ba80
RBP=0x0000000e62ffee08 is pointing into the stack for thread: 0x0000018c7a97ba80
RSI=0x0 is NULL
RDI=0x00000000ffffffff is an unallocated location in the heap
R8 =0x0000000e62ffe470 is pointing into the stack for thread: 0x0000018c7a97ba80
R9 =0x000000007ffe8000 points into unknown readable memory: 0x0000000000000001 | 01 00 00 00 00 00 00 00
R10=0x0000000000000001 is an unknown value
R11=0xfffffffff76c66a4 is an unknown value
R12=0x0 is NULL
R13={method} {0x0000018c7d7289e8} 'executeRunLoop0' '(Ljava/lang/Object;)V' in 'net/rubygrapefruit/platform/internal/jni/AbstractFileEventFunctions$NativeFileWatcher'
R14=0x0000000e62ffee30 is pointing into the stack for thread: 0x0000018c7a97ba80
R15=0x0000018c7a97ba80 is a thread


Registers:
RAX=0x0061006c005c0073, RBX=0x0000000000000001, RCX=0x0061006c005c0073, RDX=0x0000000e62ffe468
RSP=0x0000000e62ffe410, RBP=0x0000000e62ffee08, RSI=0x0000000000000000, RDI=0x00000000ffffffff
R8 =0x0000000e62ffe470, R9 =0x000000007ffe8000, R10=0x0000000000000001, R11=0xfffffffff76c66a4
R12=0x0000000000000000, R13=0x0000018c7d7289e0, R14=0x0000000e62ffee30, R15=0x0000018c7a97ba80
RIP=0x00007ff921bac4be, EFLAGS=0x0000000000010202

Top of Stack: (sp=0x0000000e62ffe410)
0x0000000e62ffe410:   0001ed3bedd887f0 0001ed3bedb54c68
0x0000000e62ffe420:   0001ed3bedd887f0 00007ff921bc7be5
0x0000000e62ffe430:   0000000e62ffe4e8 0000000e62ffe468
0x0000000e62ffe440:   0000000e00000000 0000000e62ffe478
0x0000000e62ffe450:   0000000e62ff0001 000004eeade6015c
0x0000000e62ffe460:   0000000e62ffe470 0000000000000002
0x0000000e62ffe470:   0001ed3bedb54c68 0001ed3bedd887f0
0x0000000e62ffe480:   0000000e62ffee30 00007ff921bc7777
0x0000000e62ffe490:   0000000e62ffe4e8 0000000e62ffe4e0
0x0000000e62ffe4a0:   0000018c792ebd70 00000000e0805200
0x0000000e62ffe4b0:   0000000000000000 00007ff921bb8bee
0x0000000e62ffe4c0:   0001ed3bedd887f0 0000000000000002
0x0000000e62ffe4d0:   0000000e61bfc310 0000018c00009a59
0x0000000e62ffe4e0:   00006262de9d4657 0000000000000002
0x0000000e62ffe4f0:   0000000000000000 00007ff921bac6ec
0x0000000e62ffe500:   0061006c005c0073 0000000e00000003 

Instructions: (pc=0x00007ff921bac4be)
0x00007ff921bac3be:   8b 00 48 89 44 24 38 48 8b 44 24 38 48 89 44 24
0x00007ff921bac3ce:   58 48 8b 84 24 b0 00 00 00 48 83 c0 08 48 89 44
0x00007ff921bac3de:   24 40 48 8d 54 24 70 48 8b 4c 24 40 e8 26 50 fe
0x00007ff921bac3ee:   ff 48 8b 00 48 89 44 24 48 48 8b 44 24 48 48 89
0x00007ff921bac3fe:   44 24 60 4c 8b 4c 24 50 4c 8b 44 24 58 48 8b 54
0x00007ff921bac40e:   24 60 48 8d 4c 24 78 e8 31 92 fe ff 48 8d 4c 24
0x00007ff921bac41e:   78 e8 8b 6a fe ff 48 8b c8 ff 15 db ab 11 00 89
0x00007ff921bac42e:   44 24 24 83 7c 24 24 ff 74 15 8b 44 24 24 83 e0
0x00007ff921bac43e:   10 85 c0 74 0a c7 44 24 28 01 00 00 00 eb 08 c7
0x00007ff921bac44e:   44 24 28 00 00 00 00 0f b6 44 24 28 88 44 24 20
0x00007ff921bac45e:   48 8d 4c 24 78 e8 1f 97 fe ff 0f b6 44 24 20 48
0x00007ff921bac46e:   8b 8c 24 98 00 00 00 48 33 cc e8 8f 76 fe ff 48
0x00007ff921bac47e:   81 c4 a8 00 00 00 c3 cc cc cc cc cc cc cc cc cc
0x00007ff921bac48e:   cc cc 48 89 4c 24 08 48 81 ec e8 00 00 00 48 8b
0x00007ff921bac49e:   05 a5 7d 10 00 48 33 c4 48 89 84 24 d0 00 00 00
0x00007ff921bac4ae:   c7 44 24 30 00 00 00 00 48 8b 84 24 f0 00 00 00
0x00007ff921bac4be:   83 78 68 03 0f 84 02 01 00 00 48 8b 84 24 f0 00
0x00007ff921bac4ce:   00 00 48 8b 48 28 ff 15 36 ab 11 00 89 44 24 38
0x00007ff921bac4de:   83 7c 24 38 00 0f 85 d0 00 00 00 ba 07 00 00 00
0x00007ff921bac4ee:   48 8b 0d 1b b0 10 00 e8 48 a4 fe ff 88 44 24 34
0x00007ff921bac4fe:   0f b6 44 24 34 85 c0 0f 84 90 00 00 00 ff 15 07
0x00007ff921bac50e:   ab 11 00 89 44 24 3c 48 8b 84 24 f0 00 00 00 48
0x00007ff921bac51e:   83 c0 08 48 8b d0 48 8d 8c 24 90 00 00 00 e8 05
0x00007ff921bac52e:   51 fe ff 48 89 44 24 40 48 8b 44 24 40 48 89 44
0x00007ff921bac53e:   24 48 8b 44 24 30 83 c8 01 89 44 24 30 48 8b 4c
0x00007ff921bac54e:   24 48 e8 d5 52 fe ff 48 89 44 24 50 48 8b 84 24
0x00007ff921bac55e:   f0 00 00 00 48 8b 40 28 48 89 44 24 58 8b 44 24
0x00007ff921bac56e:   3c 89 44 24 28 48 8b 44 24 50 48 89 44 24 20 4c
0x00007ff921bac57e:   8b 4c 24 58 4c 8d 05 77 af 0d 00 ba 07 00 00 00
0x00007ff921bac58e:   48 8b 0d 7b af 10 00 e8 f8 71 fe ff 90 8b 44 24
0x00007ff921bac59e:   30 83 e0 01 85 c0 74 13 83 64 24 30 fe 48 8d 8c
0x00007ff921bac5ae:   24 90 00 00 00 e8 e7 5a fe ff 90 eb 00 48 8b 84 


Stack slot to memory mapping:
stack at sp + 0 slots: 0x0001ed3bedd887f0 is an unknown value
stack at sp + 1 slots: 0x0001ed3bedb54c68 is an unknown value
stack at sp + 2 slots: 0x0001ed3bedd887f0 is an unknown value
stack at sp + 3 slots: 0x00007ff921bc7be5 native-platform-file-events.dll
stack at sp + 4 slots: 0x0000000e62ffe4e8 is pointing into the stack for thread: 0x0000018c7a97ba80
stack at sp + 5 slots: 0x0000000e62ffe468 is pointing into the stack for thread: 0x0000018c7a97ba80
stack at sp + 6 slots: 0x0000000e00000000 is an unknown value
stack at sp + 7 slots: 0x0000000e62ffe478 is pointing into the stack for thread: 0x0000018c7a97ba80


---------------  P R O C E S S  ---------------

Threads class SMR info:
_java_thread_list=0x0000018c78cf0b60, length=45, elements={
0x0000018c6cac2b40, 0x0000018c77e56e00, 0x0000018c77e59be0, 0x0000018c77e6e5f0,
0x0000018c77e72080, 0x0000018c77e72990, 0x0000018c77e742b0, 0x0000018c77e784a0,
0x0000018c77e80eb0, 0x0000018c77e83c00, 0x0000018c78907650, 0x0000018c78908b80,
0x0000018c7ad90fe0, 0x0000018c78f9d420, 0x0000018c78f9f950, 0x0000018c7a979aa0,
0x0000018c7a97afe0, 0x0000018c7a97f4f0, 0x0000018c7a97ba80, 0x0000018c7a97aa90,
0x0000018c7a97bfd0, 0x0000018c7a97fa40, 0x0000018c7a97ca70, 0x0000018c7a97cfc0,
0x0000018c7a97da60, 0x0000018c7a97d510, 0x0000018c7a97a540, 0x0000018c7a978ab0,
0x0000018c7b927a90, 0x0000018c7b924ac0, 0x0000018c7b926aa0, 0x0000018c7a97dfb0,
0x0000018c7a97b530, 0x0000018c7a97ea50, 0x0000018c7a979ff0, 0x0000018c7a16d5b0,
0x0000018c7a170580, 0x0000018c7a16a5e0, 0x0000018c7a16a090, 0x0000018c7a16cb10,
0x0000018c7a16c070, 0x0000018c7a16f040, 0x0000018c7a16eaf0, 0x0000018c7a16d060,
0x0000018c7a16e5a0
}

Java Threads: ( => current thread )
  0x0000018c6cac2b40 JavaThread "main" [_thread_blocked, id=4288, stack(0x0000000e60800000,0x0000000e60900000)]
  0x0000018c77e56e00 JavaThread "Reference Handler" daemon [_thread_blocked, id=6604, stack(0x0000000e60f00000,0x0000000e61000000)]
  0x0000018c77e59be0 JavaThread "Finalizer" daemon [_thread_blocked, id=32, stack(0x0000000e61000000,0x0000000e61100000)]
  0x0000018c77e6e5f0 JavaThread "Signal Dispatcher" daemon [_thread_blocked, id=16428, stack(0x0000000e61100000,0x0000000e61200000)]
  0x0000018c77e72080 JavaThread "Attach Listener" daemon [_thread_blocked, id=11560, stack(0x0000000e61200000,0x0000000e61300000)]
  0x0000018c77e72990 JavaThread "Service Thread" daemon [_thread_blocked, id=8964, stack(0x0000000e61300000,0x0000000e61400000)]
  0x0000018c77e742b0 JavaThread "Monitor Deflation Thread" daemon [_thread_blocked, id=15760, stack(0x0000000e61400000,0x0000000e61500000)]
  0x0000018c77e784a0 JavaThread "C2 CompilerThread0" daemon [_thread_blocked, id=8416, stack(0x0000000e61500000,0x0000000e61600000)]
  0x0000018c77e80eb0 JavaThread "C1 CompilerThread0" daemon [_thread_blocked, id=1556, stack(0x0000000e61600000,0x0000000e61700000)]
  0x0000018c77e83c00 JavaThread "Sweeper thread" daemon [_thread_blocked, id=7780, stack(0x0000000e61700000,0x0000000e61800000)]
  0x0000018c78907650 JavaThread "Common-Cleaner" daemon [_thread_blocked, id=13636, stack(0x0000000e61800000,0x0000000e61900000)]
  0x0000018c78908b80 JavaThread "Notification Thread" daemon [_thread_blocked, id=12328, stack(0x0000000e61900000,0x0000000e61a00000)]
  0x0000018c7ad90fe0 JavaThread "Daemon health stats" [_thread_blocked, id=2156, stack(0x0000000e62100000,0x0000000e62200000)]
  0x0000018c78f9d420 JavaThread "Incoming local TCP Connector on port 64733" [_thread_in_native, id=13772, stack(0x0000000e62200000,0x0000000e62300000)]
  0x0000018c78f9f950 JavaThread "Daemon periodic checks" [_thread_blocked, id=5400, stack(0x0000000e62300000,0x0000000e62400000)]
  0x0000018c7a979aa0 JavaThread "Cache worker for journal cache (C:\Users\ccurtis\.gradle\caches\journal-1)" [_thread_blocked, id=8436, stack(0x0000000e62b00000,0x0000000e62c00000)]
  0x0000018c7a97afe0 JavaThread "File lock request listener" [_thread_in_native, id=8132, stack(0x0000000e62c00000,0x0000000e62d00000)]
  0x0000018c7a97f4f0 JavaThread "Cache worker for file hash cache (C:\Users\ccurtis\.gradle\caches\7.1\fileHashes)" [_thread_blocked, id=13308, stack(0x0000000e62d00000,0x0000000e62e00000)]
=>0x0000018c7a97ba80 JavaThread "File watcher server" daemon [_thread_in_native, id=15500, stack(0x0000000e62f00000,0x0000000e63000000)]
  0x0000018c7a97aa90 JavaThread "File watcher consumer" daemon [_thread_blocked, id=5588, stack(0x0000000e63000000,0x0000000e63100000)]
  0x0000018c7a97bfd0 JavaThread "jar transforms" [_thread_blocked, id=13140, stack(0x0000000e63100000,0x0000000e63200000)]
  0x0000018c7a97fa40 JavaThread "jar transforms Thread 2" [_thread_blocked, id=17228, stack(0x0000000e63200000,0x0000000e63300000)]
  0x0000018c7a97ca70 JavaThread "jar transforms Thread 3" [_thread_blocked, id=2032, stack(0x0000000e63300000,0x0000000e63400000)]
  0x0000018c7a97cfc0 JavaThread "jar transforms Thread 4" [_thread_blocked, id=16512, stack(0x0000000e63400000,0x0000000e63500000)]
  0x0000018c7a97da60 JavaThread "jar transforms Thread 5" [_thread_blocked, id=5828, stack(0x0000000e63500000,0x0000000e63600000)]
  0x0000018c7a97d510 JavaThread "jar transforms Thread 6" [_thread_blocked, id=15324, stack(0x0000000e63600000,0x0000000e63700000)]
  0x0000018c7a97a540 JavaThread "Cache worker for execution history cache (C:\Users\ccurtis\.gradle\caches\7.1\executionHistory)" [_thread_blocked, id=13360, stack(0x0000000e63b00000,0x0000000e63c00000)]
  0x0000018c7a978ab0 JavaThread "Cache worker for file content cache (C:\Users\ccurtis\.gradle\caches\7.1\fileContent)" [_thread_blocked, id=15244, stack(0x0000000e63c00000,0x0000000e63d00000)]
  0x0000018c7b927a90 JavaThread "Memory manager" [_thread_blocked, id=3016, stack(0x0000000e64000000,0x0000000e64100000)]
  0x0000018c7b924ac0 JavaThread "Daemon Thread 2" [_thread_blocked, id=19192, stack(0x0000000e60500000,0x0000000e60600000)]
  0x0000018c7b926aa0 JavaThread "Daemon worker Thread 2" [_thread_in_native, id=19204, stack(0x0000000e61b00000,0x0000000e61c00000)]
  0x0000018c7a97dfb0 JavaThread "Cache worker for Java compile cache (C:\Users\ccurtis\.gradle\caches\7.1\javaCompile)" [_thread_blocked, id=18008, stack(0x0000000e64300000,0x0000000e64400000)]
  0x0000018c7a97b530 JavaThread "Exec process" [_thread_blocked, id=18012, stack(0x0000000e64600000,0x0000000e64700000)]
  0x0000018c7a97ea50 JavaThread "Exec process Thread 2" [_thread_blocked, id=18508, stack(0x0000000e64800000,0x0000000e64900000)]
  0x0000018c7a979ff0 JavaThread "Exec process Thread 3" [_thread_blocked, id=18512, stack(0x0000000e64900000,0x0000000e64a00000)]
  0x0000018c7a16d5b0 JavaThread "Exec process Thread 4" [_thread_blocked, id=18516, stack(0x0000000e64a00000,0x0000000e64b00000)]
  0x0000018c7a170580 JavaThread "Handler for socket connection from /127.0.0.1:64733 to /127.0.0.1:53813" [_thread_in_native, id=17868, stack(0x0000000e60600000,0x0000000e60700000)]
  0x0000018c7a16a5e0 JavaThread "Cancel handler" [_thread_blocked, id=17872, stack(0x0000000e60700000,0x0000000e60800000)]
  0x0000018c7a16a090 JavaThread "Asynchronous log dispatcher for DefaultDaemonConnection: socket connection from /127.0.0.1:64733 to /127.0.0.1:53813" [_thread_blocked, id=17424, stack(0x0000000e62400000,0x0000000e62500000)]
  0x0000018c7a16cb10 JavaThread "Stdin handler" [_thread_blocked, id=17576, stack(0x0000000e62500000,0x0000000e62600000)]
  0x0000018c7a16c070 JavaThread "Daemon client event forwarder" [_thread_blocked, id=17432, stack(0x0000000e62600000,0x0000000e62700000)]
  0x0000018c7a16f040 JavaThread "Cache worker for file hash cache (H:\1501\lecture_sup\lecture_demos\.gradle\7.1\fileHashes)" [_thread_blocked, id=17596, stack(0x0000000e62700000,0x0000000e62800000)]
  0x0000018c7a16eaf0 Thread [stack: 0x0000000e62800000,0x0000000e62900000] [id=18528]
  0x0000018c7a16d060 JavaThread "Cache worker for dependencies-accessors (H:\1501\lecture_sup\lecture_demos\.gradle\7.1\dependencies-accessors)" [_thread_blocked, id=18560, stack(0x0000000e62e00000,0x0000000e62f00000)]
  0x0000018c7a16e5a0 JavaThread "DisconnectableInputStream source reader" daemon [_thread_blocked, id=9512, stack(0x0000000e64700000,0x0000000e64800000)]

Other Threads:
  0x0000018c77e4ee90 VMThread "VM Thread" [stack: 0x0000000e60e00000,0x0000000e60f00000] [id=14632]
  0x0000018c789090a0 WatcherThread [stack: 0x0000000e61a00000,0x0000000e61b00000] [id=15824]
  0x0000018c6cae6b30 GCTaskThread "GC Thread#0" [stack: 0x0000000e60900000,0x0000000e60a00000] [id=17280]
  0x0000018c793af690 GCTaskThread "GC Thread#1" [stack: 0x0000000e61c00000,0x0000000e61d00000] [id=3848]
  0x0000018c793af9a0 GCTaskThread "GC Thread#2" [stack: 0x0000000e61d00000,0x0000000e61e00000] [id=8532]
  0x0000018c793afcb0 GCTaskThread "GC Thread#3" [stack: 0x0000000e61e00000,0x0000000e61f00000] [id=2412]
  0x0000018c793affc0 GCTaskThread "GC Thread#4" [stack: 0x0000000e61f00000,0x0000000e62000000] [id=2212]
  0x0000018c7940e780 GCTaskThread "GC Thread#5" [stack: 0x0000000e62000000,0x0000000e62100000] [id=9980]
  0x0000018c6caeba80 ConcurrentGCThread "G1 Main Marker" [stack: 0x0000000e60a00000,0x0000000e60b00000] [id=3992]
  0x0000018c6caecba0 ConcurrentGCThread "G1 Conc#0" [stack: 0x0000000e60b00000,0x0000000e60c00000] [id=5860]
  0x0000018c7c237910 ConcurrentGCThread "G1 Conc#1" [stack: 0x0000000e63a00000,0x0000000e63b00000] [id=17148]
  0x0000018c6cb9c670 ConcurrentGCThread "G1 Refine#0" [stack: 0x0000000e60c00000,0x0000000e60d00000] [id=1432]
  0x0000018c7e149820 ConcurrentGCThread "G1 Refine#1" [stack: 0x0000000e63d00000,0x0000000e63e00000] [id=9072]
  0x0000018c7c268b90 ConcurrentGCThread "G1 Refine#2" [stack: 0x0000000e64500000,0x0000000e64600000] [id=14104]
  0x0000018c6cb9d000 ConcurrentGCThread "G1 Service" [stack: 0x0000000e60d00000,0x0000000e60e00000] [id=12076]

Threads with active compile tasks:

VM state: not at safepoint (normal execution)

VM Mutex/Monitor currently owned by a thread: None

Heap address: 0x00000000e0000000, size: 512 MB, Compressed Oops mode: 32-bit

CDS archive(s) mapped at: [0x0000000800000000-0x0000000800bb0000-0x0000000800bb0000), size 12255232, SharedBaseAddress: 0x0000000800000000, ArchiveRelocationMode: 0.
Compressed class space mapped at: 0x0000000800c00000-0x000000080dc00000, reserved size: 218103808
Narrow klass base: 0x0000000800000000, Narrow klass shift: 3, Narrow klass range: 0x100000000

GC Precious Log:
 CPUs: 6 total, 6 available
 Memory: 16207M
 Large Page Support: Disabled
 NUMA Support: Disabled
 Compressed Oops: Enabled (32-bit)
 Heap Region Size: 1M
 Heap Min Capacity: 256M
 Heap Initial Capacity: 256M
 Heap Max Capacity: 512M
 Pre-touch: Disabled
 Parallel Workers: 6
 Concurrent Workers: 2
 Concurrent Refinement Workers: 6
 Periodic GC: Disabled

Heap:
 garbage-first heap   total 262144K, used 149500K [0x00000000e0000000, 0x0000000100000000)
  region size 1024K, 63 young (64512K), 7 survivors (7168K)
 Metaspace       used 63794K, committed 64448K, reserved 270336K
  class space    used 8659K, committed 8960K, reserved 212992K

Heap Regions: E=young(eden), S=young(survivor), O=old, HS=humongous(starts), HC=humongous(continues), CS=collection set, F=free, OA=open archive, CA=closed archive, TAMS=top-at-mark-start (previous, next)
|   0|0x00000000e0000000, 0x00000000e0100000, 0x00000000e0100000|100%| O|  |TAMS 0x00000000e0100000, 0x00000000e0000000| Untracked 
|   1|0x00000000e0100000, 0x00000000e0200000, 0x00000000e0200000|100%| O|  |TAMS 0x00000000e0200000, 0x00000000e0100000| Untracked 
|   2|0x00000000e0200000, 0x00000000e0300000, 0x00000000e0300000|100%|HS|  |TAMS 0x00000000e0300000, 0x00000000e0200000| Complete 
|   3|0x00000000e0300000, 0x00000000e0400000, 0x00000000e0400000|100%|HS|  |TAMS 0x00000000e0400000, 0x00000000e0300000| Complete 
|   4|0x00000000e0400000, 0x00000000e0500000, 0x00000000e0500000|100%|HC|  |TAMS 0x00000000e0500000, 0x00000000e0400000| Complete 
|   5|0x00000000e0500000, 0x00000000e0600000, 0x00000000e0600000|100%|HC|  |TAMS 0x00000000e0600000, 0x00000000e0500000| Complete 
|   6|0x00000000e0600000, 0x00000000e0700000, 0x00000000e0700000|100%| O|  |TAMS 0x00000000e0700000, 0x00000000e0600000| Untracked 
|   7|0x00000000e0700000, 0x00000000e07ffff8, 0x00000000e0800000| 99%| O|  |TAMS 0x00000000e07ffff8, 0x00000000e0700000| Untracked 
|   8|0x00000000e0800000, 0x00000000e0900000, 0x00000000e0900000|100%| O|  |TAMS 0x00000000e0900000, 0x00000000e0800000| Untracked 
|   9|0x00000000e0900000, 0x00000000e0a00000, 0x00000000e0a00000|100%| O|  |TAMS 0x00000000e0a00000, 0x00000000e0900000| Untracked 
|  10|0x00000000e0a00000, 0x00000000e0b00000, 0x00000000e0b00000|100%|HS|  |TAMS 0x00000000e0b00000, 0x00000000e0a00000| Complete 
|  11|0x00000000e0b00000, 0x00000000e0c00000, 0x00000000e0c00000|100%|HC|  |TAMS 0x00000000e0c00000, 0x00000000e0b00000| Complete 
|  12|0x00000000e0c00000, 0x00000000e0d00000, 0x00000000e0d00000|100%|HS|  |TAMS 0x00000000e0d00000, 0x00000000e0c00000| Complete 
|  13|0x00000000e0d00000, 0x00000000e0e00000, 0x00000000e0e00000|100%|HC|  |TAMS 0x00000000e0e00000, 0x00000000e0d00000| Complete 
|  14|0x00000000e0e00000, 0x00000000e0f00000, 0x00000000e0f00000|100%|HC|  |TAMS 0x00000000e0f00000, 0x00000000e0e00000| Complete 
|  15|0x00000000e0f00000, 0x00000000e1000000, 0x00000000e1000000|100%|HS|  |TAMS 0x00000000e1000000, 0x00000000e0f00000| Complete 
|  16|0x00000000e1000000, 0x00000000e1100000, 0x00000000e1100000|100%|HS|  |TAMS 0x00000000e1100000, 0x00000000e1000000| Complete 
|  17|0x00000000e1100000, 0x00000000e1200000, 0x00000000e1200000|100%|HC|  |TAMS 0x00000000e1200000, 0x00000000e1100000| Complete 
|  18|0x00000000e1200000, 0x00000000e1300000, 0x00000000e1300000|100%|HC|  |TAMS 0x00000000e1300000, 0x00000000e1200000| Complete 
|  19|0x00000000e1300000, 0x00000000e1400000, 0x00000000e1400000|100%|HC|  |TAMS 0x00000000e1400000, 0x00000000e1300000| Complete 
|  20|0x00000000e1400000, 0x00000000e1500000, 0x00000000e1500000|100%|HS|  |TAMS 0x00000000e1500000, 0x00000000e1400000| Complete 
|  21|0x00000000e1500000, 0x00000000e1600000, 0x00000000e1600000|100%|HC|  |TAMS 0x00000000e1600000, 0x00000000e1500000| Complete 
|  22|0x00000000e1600000, 0x00000000e1700000, 0x00000000e1700000|100%|HS|  |TAMS 0x00000000e1700000, 0x00000000e1600000| Complete 
|  23|0x00000000e1700000, 0x00000000e1800000, 0x00000000e1800000|100%|HC|  |TAMS 0x00000000e1800000, 0x00000000e1700000| Complete 
|  24|0x00000000e1800000, 0x00000000e1900000, 0x00000000e1900000|100%|HC|  |TAMS 0x00000000e1900000, 0x00000000e1800000| Complete 
|  25|0x00000000e1900000, 0x00000000e1a00000, 0x00000000e1a00000|100%|HS|  |TAMS 0x00000000e1a00000, 0x00000000e1900000| Complete 
|  26|0x00000000e1a00000, 0x00000000e1b00000, 0x00000000e1b00000|100%|HC|  |TAMS 0x00000000e1b00000, 0x00000000e1a00000| Complete 
|  27|0x00000000e1b00000, 0x00000000e1c00000, 0x00000000e1c00000|100%|HC|  |TAMS 0x00000000e1c00000, 0x00000000e1b00000| Complete 
|  28|0x00000000e1c00000, 0x00000000e1d00000, 0x00000000e1d00000|100%|HC|  |TAMS 0x00000000e1d00000, 0x00000000e1c00000| Complete 
|  29|0x00000000e1d00000, 0x00000000e1e00000, 0x00000000e1e00000|100%|HS|  |TAMS 0x00000000e1e00000, 0x00000000e1d00000| Complete 
|  30|0x00000000e1e00000, 0x00000000e1f00000, 0x00000000e1f00000|100%| O|  |TAMS 0x00000000e1f00000, 0x00000000e1e00000| Untracked 
|  31|0x00000000e1f00000, 0x00000000e2000000, 0x00000000e2000000|100%| O|  |TAMS 0x00000000e2000000, 0x00000000e1f00000| Untracked 
|  32|0x00000000e2000000, 0x00000000e2100000, 0x00000000e2100000|100%| O|  |TAMS 0x00000000e2100000, 0x00000000e2000000| Untracked 
|  33|0x00000000e2100000, 0x00000000e2200000, 0x00000000e2200000|100%| O|  |TAMS 0x00000000e2200000, 0x00000000e2100000| Untracked 
|  34|0x00000000e2200000, 0x00000000e2300000, 0x00000000e2300000|100%| O|  |TAMS 0x00000000e2300000, 0x00000000e2200000| Untracked 
|  35|0x00000000e2300000, 0x00000000e2400000, 0x00000000e2400000|100%| O|  |TAMS 0x00000000e2400000, 0x00000000e2300000| Untracked 
|  36|0x00000000e2400000, 0x00000000e2500000, 0x00000000e2500000|100%| O|  |TAMS 0x00000000e2500000, 0x00000000e2400000| Untracked 
|  37|0x00000000e2500000, 0x00000000e2600000, 0x00000000e2600000|100%| O|  |TAMS 0x00000000e2600000, 0x00000000e2500000| Untracked 
|  38|0x00000000e2600000, 0x00000000e2700000, 0x00000000e2700000|100%| O|  |TAMS 0x00000000e2700000, 0x00000000e2600000| Untracked 
|  39|0x00000000e2700000, 0x00000000e2800000, 0x00000000e2800000|100%| O|  |TAMS 0x00000000e2800000, 0x00000000e2700000| Untracked 
|  40|0x00000000e2800000, 0x00000000e2900000, 0x00000000e2900000|100%| O|  |TAMS 0x00000000e2900000, 0x00000000e2800000| Untracked 
|  41|0x00000000e2900000, 0x00000000e2a00000, 0x00000000e2a00000|100%| O|  |TAMS 0x00000000e2a00000, 0x00000000e2900000| Untracked 
|  42|0x00000000e2a00000, 0x00000000e2b00000, 0x00000000e2b00000|100%| O|  |TAMS 0x00000000e2b00000, 0x00000000e2a00000| Untracked 
|  43|0x00000000e2b00000, 0x00000000e2c00000, 0x00000000e2c00000|100%| O|  |TAMS 0x00000000e2c00000, 0x00000000e2b00000| Untracked 
|  44|0x00000000e2c00000, 0x00000000e2d00000, 0x00000000e2d00000|100%|HS|  |TAMS 0x00000000e2d00000, 0x00000000e2c00000| Complete 
|  45|0x00000000e2d00000, 0x00000000e2e00000, 0x00000000e2e00000|100%|HC|  |TAMS 0x00000000e2e00000, 0x00000000e2d00000| Complete 
|  46|0x00000000e2e00000, 0x00000000e2f00000, 0x00000000e2f00000|100%|HC|  |TAMS 0x00000000e2f00000, 0x00000000e2e00000| Complete 
|  47|0x00000000e2f00000, 0x00000000e3000000, 0x00000000e3000000|100%|HC|  |TAMS 0x00000000e3000000, 0x00000000e2f00000| Complete 
|  48|0x00000000e3000000, 0x00000000e3100000, 0x00000000e3100000|100%|HS|  |TAMS 0x00000000e3100000, 0x00000000e3000000| Complete 
|  49|0x00000000e3100000, 0x00000000e3200000, 0x00000000e3200000|100%|HC|  |TAMS 0x00000000e3200000, 0x00000000e3100000| Complete 
|  50|0x00000000e3200000, 0x00000000e3300000, 0x00000000e3300000|100%|HC|  |TAMS 0x00000000e3300000, 0x00000000e3200000| Complete 
|  51|0x00000000e3300000, 0x00000000e3400000, 0x00000000e3400000|100%|HC|  |TAMS 0x00000000e3400000, 0x00000000e3300000| Complete 
|  52|0x00000000e3400000, 0x00000000e3500000, 0x00000000e3500000|100%|HS|  |TAMS 0x00000000e3500000, 0x00000000e3400000| Complete 
|  53|0x00000000e3500000, 0x00000000e3600000, 0x00000000e3600000|100%|HC|  |TAMS 0x00000000e3600000, 0x00000000e3500000| Complete 
|  54|0x00000000e3600000, 0x00000000e3700000, 0x00000000e3700000|100%|HC|  |TAMS 0x00000000e3700000, 0x00000000e3600000| Complete 
|  55|0x00000000e3700000, 0x00000000e3800000, 0x00000000e3800000|100%|HS|  |TAMS 0x00000000e3800000, 0x00000000e3700000| Complete 
|  56|0x00000000e3800000, 0x00000000e3900000, 0x00000000e3900000|100%|HC|  |TAMS 0x00000000e3900000, 0x00000000e3800000| Complete 
|  57|0x00000000e3900000, 0x00000000e3a00000, 0x00000000e3a00000|100%|HC|  |TAMS 0x00000000e3a00000, 0x00000000e3900000| Complete 
|  58|0x00000000e3a00000, 0x00000000e3b00000, 0x00000000e3b00000|100%|HC|  |TAMS 0x00000000e3b00000, 0x00000000e3a00000| Complete 
|  59|0x00000000e3b00000, 0x00000000e3c00000, 0x00000000e3c00000|100%|HS|  |TAMS 0x00000000e3c00000, 0x00000000e3b00000| Complete 
|  60|0x00000000e3c00000, 0x00000000e3d00000, 0x00000000e3d00000|100%|HC|  |TAMS 0x00000000e3d00000, 0x00000000e3c00000| Complete 
|  61|0x00000000e3d00000, 0x00000000e3e00000, 0x00000000e3e00000|100%|HC|  |TAMS 0x00000000e3e00000, 0x00000000e3d00000| Complete 
|  62|0x00000000e3e00000, 0x00000000e3f00000, 0x00000000e3f00000|100%|HC|  |TAMS 0x00000000e3f00000, 0x00000000e3e00000| Complete 
|  63|0x00000000e3f00000, 0x00000000e4000000, 0x00000000e4000000|100%| O|  |TAMS 0x00000000e4000000, 0x00000000e3f00000| Untracked 
|  64|0x00000000e4000000, 0x00000000e4100000, 0x00000000e4100000|100%| O|  |TAMS 0x00000000e4100000, 0x00000000e4000000| Untracked 
|  65|0x00000000e4100000, 0x00000000e4200000, 0x00000000e4200000|100%| O|  |TAMS 0x00000000e4200000, 0x00000000e4100000| Untracked 
|  66|0x00000000e4200000, 0x00000000e4300000, 0x00000000e4300000|100%| O|  |TAMS 0x00000000e4300000, 0x00000000e4200000| Untracked 
|  67|0x00000000e4300000, 0x00000000e4400000, 0x00000000e4400000|100%| O|  |TAMS 0x00000000e4400000, 0x00000000e4300000| Untracked 
|  68|0x00000000e4400000, 0x00000000e4500000, 0x00000000e4500000|100%| O|  |TAMS 0x00000000e4500000, 0x00000000e4400000| Untracked 
|  69|0x00000000e4500000, 0x00000000e4600000, 0x00000000e4600000|100%| O|  |TAMS 0x00000000e4600000, 0x00000000e4500000| Untracked 
|  70|0x00000000e4600000, 0x00000000e4700000, 0x00000000e4700000|100%| O|  |TAMS 0x00000000e4700000, 0x00000000e4600000| Untracked 
|  71|0x00000000e4700000, 0x00000000e4800000, 0x00000000e4800000|100%| O|  |TAMS 0x00000000e4800000, 0x00000000e4700000| Untracked 
|  72|0x00000000e4800000, 0x00000000e4900000, 0x00000000e4900000|100%| O|  |TAMS 0x00000000e4900000, 0x00000000e4800000| Untracked 
|  73|0x00000000e4900000, 0x00000000e4a00000, 0x00000000e4a00000|100%| O|  |TAMS 0x00000000e4a00000, 0x00000000e4900000| Untracked 
|  74|0x00000000e4a00000, 0x00000000e4b00000, 0x00000000e4b00000|100%| O|  |TAMS 0x00000000e4b00000, 0x00000000e4a00000| Untracked 
|  75|0x00000000e4b00000, 0x00000000e4c00000, 0x00000000e4c00000|100%| O|  |TAMS 0x00000000e4c00000, 0x00000000e4b00000| Untracked 
|  76|0x00000000e4c00000, 0x00000000e4d00000, 0x00000000e4d00000|100%| O|  |TAMS 0x00000000e4d00000, 0x00000000e4c00000| Untracked 
|  77|0x00000000e4d00000, 0x00000000e4e00000, 0x00000000e4e00000|100%| O|  |TAMS 0x00000000e4e00000, 0x00000000e4d00000| Untracked 
|  78|0x00000000e4e00000, 0x00000000e4f00000, 0x00000000e4f00000|100%| O|  |TAMS 0x00000000e4f00000, 0x00000000e4e00000| Untracked 
|  79|0x00000000e4f00000, 0x00000000e5000000, 0x00000000e5000000|100%| O|  |TAMS 0x00000000e5000000, 0x00000000e4f00000| Untracked 
|  80|0x00000000e5000000, 0x00000000e5100000, 0x00000000e5100000|100%| O|  |TAMS 0x00000000e5100000, 0x00000000e5000000| Untracked 
|  81|0x00000000e5100000, 0x00000000e5200000, 0x00000000e5200000|100%| O|  |TAMS 0x00000000e5200000, 0x00000000e5100000| Untracked 
|  82|0x00000000e5200000, 0x00000000e5300000, 0x00000000e5300000|100%| O|  |TAMS 0x00000000e5300000, 0x00000000e5200000| Untracked 
|  83|0x00000000e5300000, 0x00000000e5400000, 0x00000000e5400000|100%| O|  |TAMS 0x00000000e5400000, 0x00000000e5300000| Untracked 
|  84|0x00000000e5400000, 0x00000000e5500000, 0x00000000e5500000|100%| O|  |TAMS 0x00000000e5500000, 0x00000000e5400000| Untracked 
|  85|0x00000000e5500000, 0x00000000e55c4400, 0x00000000e5600000| 76%| O|  |TAMS 0x00000000e55c4400, 0x00000000e5500000| Untracked 
|  86|0x00000000e5600000, 0x00000000e5600000, 0x00000000e5700000|  0%| F|  |TAMS 0x00000000e5600000, 0x00000000e5600000| Untracked 
|  87|0x00000000e5700000, 0x00000000e5700000, 0x00000000e5800000|  0%| F|  |TAMS 0x00000000e5700000, 0x00000000e5700000| Untracked 
|  88|0x00000000e5800000, 0x00000000e5800000, 0x00000000e5900000|  0%| F|  |TAMS 0x00000000e5800000, 0x00000000e5800000| Untracked 
|  89|0x00000000e5900000, 0x00000000e5900000, 0x00000000e5a00000|  0%| F|  |TAMS 0x00000000e5900000, 0x00000000e5900000| Untracked 
|  90|0x00000000e5a00000, 0x00000000e5a00000, 0x00000000e5b00000|  0%| F|  |TAMS 0x00000000e5a00000, 0x00000000e5a00000| Untracked 
|  91|0x00000000e5b00000, 0x00000000e5b00000, 0x00000000e5c00000|  0%| F|  |TAMS 0x00000000e5b00000, 0x00000000e5b00000| Untracked 
|  92|0x00000000e5c00000, 0x00000000e5c00000, 0x00000000e5d00000|  0%| F|  |TAMS 0x00000000e5c00000, 0x00000000e5c00000| Untracked 
|  93|0x00000000e5d00000, 0x00000000e5d00000, 0x00000000e5e00000|  0%| F|  |TAMS 0x00000000e5d00000, 0x00000000e5d00000| Untracked 
|  94|0x00000000e5e00000, 0x00000000e5e00000, 0x00000000e5f00000|  0%| F|  |TAMS 0x00000000e5e00000, 0x00000000e5e00000| Untracked 
|  95|0x00000000e5f00000, 0x00000000e5f00000, 0x00000000e6000000|  0%| F|  |TAMS 0x00000000e5f00000, 0x00000000e5f00000| Untracked 
|  96|0x00000000e6000000, 0x00000000e6000000, 0x00000000e6100000|  0%| F|  |TAMS 0x00000000e6000000, 0x00000000e6000000| Untracked 
|  97|0x00000000e6100000, 0x00000000e6100000, 0x00000000e6200000|  0%| F|  |TAMS 0x00000000e6100000, 0x00000000e6100000| Untracked 
|  98|0x00000000e6200000, 0x00000000e6200000, 0x00000000e6300000|  0%| F|  |TAMS 0x00000000e6200000, 0x00000000e6200000| Untracked 
|  99|0x00000000e6300000, 0x00000000e6300000, 0x00000000e6400000|  0%| F|  |TAMS 0x00000000e6300000, 0x00000000e6300000| Untracked 
| 100|0x00000000e6400000, 0x00000000e6400000, 0x00000000e6500000|  0%| F|  |TAMS 0x00000000e6400000, 0x00000000e6400000| Untracked 
| 101|0x00000000e6500000, 0x00000000e6500000, 0x00000000e6600000|  0%| F|  |TAMS 0x00000000e6500000, 0x00000000e6500000| Untracked 
| 102|0x00000000e6600000, 0x00000000e6600000, 0x00000000e6700000|  0%| F|  |TAMS 0x00000000e6600000, 0x00000000e6600000| Untracked 
| 103|0x00000000e6700000, 0x00000000e6700000, 0x00000000e6800000|  0%| F|  |TAMS 0x00000000e6700000, 0x00000000e6700000| Untracked 
| 104|0x00000000e6800000, 0x00000000e6800000, 0x00000000e6900000|  0%| F|  |TAMS 0x00000000e6800000, 0x00000000e6800000| Untracked 
| 105|0x00000000e6900000, 0x00000000e6900000, 0x00000000e6a00000|  0%| F|  |TAMS 0x00000000e6900000, 0x00000000e6900000| Untracked 
| 106|0x00000000e6a00000, 0x00000000e6a00000, 0x00000000e6b00000|  0%| F|  |TAMS 0x00000000e6a00000, 0x00000000e6a00000| Untracked 
| 107|0x00000000e6b00000, 0x00000000e6b00000, 0x00000000e6c00000|  0%| F|  |TAMS 0x00000000e6b00000, 0x00000000e6b00000| Untracked 
| 108|0x00000000e6c00000, 0x00000000e6c00000, 0x00000000e6d00000|  0%| F|  |TAMS 0x00000000e6c00000, 0x00000000e6c00000| Untracked 
| 109|0x00000000e6d00000, 0x00000000e6d00000, 0x00000000e6e00000|  0%| F|  |TAMS 0x00000000e6d00000, 0x00000000e6d00000| Untracked 
| 110|0x00000000e6e00000, 0x00000000e6e00000, 0x00000000e6f00000|  0%| F|  |TAMS 0x00000000e6e00000, 0x00000000e6e00000| Untracked 
| 111|0x00000000e6f00000, 0x00000000e6f00000, 0x00000000e7000000|  0%| F|  |TAMS 0x00000000e6f00000, 0x00000000e6f00000| Untracked 
| 112|0x00000000e7000000, 0x00000000e7000000, 0x00000000e7100000|  0%| F|  |TAMS 0x00000000e7000000, 0x00000000e7000000| Untracked 
| 113|0x00000000e7100000, 0x00000000e7100000, 0x00000000e7200000|  0%| F|  |TAMS 0x00000000e7100000, 0x00000000e7100000| Untracked 
| 114|0x00000000e7200000, 0x00000000e7200000, 0x00000000e7300000|  0%| F|  |TAMS 0x00000000e7200000, 0x00000000e7200000| Untracked 
| 115|0x00000000e7300000, 0x00000000e7300000, 0x00000000e7400000|  0%| F|  |TAMS 0x00000000e7300000, 0x00000000e7300000| Untracked 
| 116|0x00000000e7400000, 0x00000000e7400000, 0x00000000e7500000|  0%| F|  |TAMS 0x00000000e7400000, 0x00000000e7400000| Untracked 
| 117|0x00000000e7500000, 0x00000000e7500000, 0x00000000e7600000|  0%| F|  |TAMS 0x00000000e7500000, 0x00000000e7500000| Untracked 
| 118|0x00000000e7600000, 0x00000000e7600000, 0x00000000e7700000|  0%| F|  |TAMS 0x00000000e7600000, 0x00000000e7600000| Untracked 
| 119|0x00000000e7700000, 0x00000000e7700000, 0x00000000e7800000|  0%| F|  |TAMS 0x00000000e7700000, 0x00000000e7700000| Untracked 
| 120|0x00000000e7800000, 0x00000000e7800000, 0x00000000e7900000|  0%| F|  |TAMS 0x00000000e7800000, 0x00000000e7800000| Untracked 
| 121|0x00000000e7900000, 0x00000000e7900000, 0x00000000e7a00000|  0%| F|  |TAMS 0x00000000e7900000, 0x00000000e7900000| Untracked 
| 122|0x00000000e7a00000, 0x00000000e7a00000, 0x00000000e7b00000|  0%| F|  |TAMS 0x00000000e7a00000, 0x00000000e7a00000| Untracked 
| 123|0x00000000e7b00000, 0x00000000e7b00000, 0x00000000e7c00000|  0%| F|  |TAMS 0x00000000e7b00000, 0x00000000e7b00000| Untracked 
| 124|0x00000000e7c00000, 0x00000000e7c00000, 0x00000000e7d00000|  0%| F|  |TAMS 0x00000000e7c00000, 0x00000000e7c00000| Untracked 
| 125|0x00000000e7d00000, 0x00000000e7d00000, 0x00000000e7e00000|  0%| F|  |TAMS 0x00000000e7d00000, 0x00000000e7d00000| Untracked 
| 126|0x00000000e7e00000, 0x00000000e7e00000, 0x00000000e7f00000|  0%| F|  |TAMS 0x00000000e7e00000, 0x00000000e7e00000| Untracked 
| 127|0x00000000e7f00000, 0x00000000e7f00000, 0x00000000e8000000|  0%| F|  |TAMS 0x00000000e7f00000, 0x00000000e7f00000| Untracked 
| 128|0x00000000e8000000, 0x00000000e8000000, 0x00000000e8100000|  0%| F|  |TAMS 0x00000000e8000000, 0x00000000e8000000| Untracked 
| 129|0x00000000e8100000, 0x00000000e8100000, 0x00000000e8200000|  0%| F|  |TAMS 0x00000000e8100000, 0x00000000e8100000| Untracked 
| 130|0x00000000e8200000, 0x00000000e8200000, 0x00000000e8300000|  0%| F|  |TAMS 0x00000000e8200000, 0x00000000e8200000| Untracked 
| 131|0x00000000e8300000, 0x00000000e8300000, 0x00000000e8400000|  0%| F|  |TAMS 0x00000000e8300000, 0x00000000e8300000| Untracked 
| 132|0x00000000e8400000, 0x00000000e8400000, 0x00000000e8500000|  0%| F|  |TAMS 0x00000000e8400000, 0x00000000e8400000| Untracked 
| 133|0x00000000e8500000, 0x00000000e8500000, 0x00000000e8600000|  0%| F|  |TAMS 0x00000000e8500000, 0x00000000e8500000| Untracked 
| 134|0x00000000e8600000, 0x00000000e8600000, 0x00000000e8700000|  0%| F|  |TAMS 0x00000000e8600000, 0x00000000e8600000| Untracked 
| 135|0x00000000e8700000, 0x00000000e8700000, 0x00000000e8800000|  0%| F|  |TAMS 0x00000000e8700000, 0x00000000e8700000| Untracked 
| 136|0x00000000e8800000, 0x00000000e8800000, 0x00000000e8900000|  0%| F|  |TAMS 0x00000000e8800000, 0x00000000e8800000| Untracked 
| 137|0x00000000e8900000, 0x00000000e8900000, 0x00000000e8a00000|  0%| F|  |TAMS 0x00000000e8900000, 0x00000000e8900000| Untracked 
| 138|0x00000000e8a00000, 0x00000000e8a00000, 0x00000000e8b00000|  0%| F|  |TAMS 0x00000000e8a00000, 0x00000000e8a00000| Untracked 
| 139|0x00000000e8b00000, 0x00000000e8b00000, 0x00000000e8c00000|  0%| F|  |TAMS 0x00000000e8b00000, 0x00000000e8b00000| Untracked 
| 140|0x00000000e8c00000, 0x00000000e8c00000, 0x00000000e8d00000|  0%| F|  |TAMS 0x00000000e8c00000, 0x00000000e8c00000| Untracked 
| 141|0x00000000e8d00000, 0x00000000e8d00000, 0x00000000e8e00000|  0%| F|  |TAMS 0x00000000e8d00000, 0x00000000e8d00000| Untracked 
| 142|0x00000000e8e00000, 0x00000000e8e00000, 0x00000000e8f00000|  0%| F|  |TAMS 0x00000000e8e00000, 0x00000000e8e00000| Untracked 
| 143|0x00000000e8f00000, 0x00000000e8f00000, 0x00000000e9000000|  0%| F|  |TAMS 0x00000000e8f00000, 0x00000000e8f00000| Untracked 
| 144|0x00000000e9000000, 0x00000000e9000000, 0x00000000e9100000|  0%| F|  |TAMS 0x00000000e9000000, 0x00000000e9000000| Untracked 
| 145|0x00000000e9100000, 0x00000000e9100000, 0x00000000e9200000|  0%| F|  |TAMS 0x00000000e9100000, 0x00000000e9100000| Untracked 
| 146|0x00000000e9200000, 0x00000000e9200000, 0x00000000e9300000|  0%| F|  |TAMS 0x00000000e9200000, 0x00000000e9200000| Untracked 
| 147|0x00000000e9300000, 0x00000000e9300000, 0x00000000e9400000|  0%| F|  |TAMS 0x00000000e9300000, 0x00000000e9300000| Untracked 
| 148|0x00000000e9400000, 0x00000000e9400000, 0x00000000e9500000|  0%| F|  |TAMS 0x00000000e9400000, 0x00000000e9400000| Untracked 
| 149|0x00000000e9500000, 0x00000000e9500000, 0x00000000e9600000|  0%| F|  |TAMS 0x00000000e9500000, 0x00000000e9500000| Untracked 
| 150|0x00000000e9600000, 0x00000000e9600000, 0x00000000e9700000|  0%| F|  |TAMS 0x00000000e9600000, 0x00000000e9600000| Untracked 
| 151|0x00000000e9700000, 0x00000000e9700000, 0x00000000e9800000|  0%| F|  |TAMS 0x00000000e9700000, 0x00000000e9700000| Untracked 
| 152|0x00000000e9800000, 0x00000000e9800000, 0x00000000e9900000|  0%| F|  |TAMS 0x00000000e9800000, 0x00000000e9800000| Untracked 
| 153|0x00000000e9900000, 0x00000000e9900000, 0x00000000e9a00000|  0%| F|  |TAMS 0x00000000e9900000, 0x00000000e9900000| Untracked 
| 154|0x00000000e9a00000, 0x00000000e9a00000, 0x00000000e9b00000|  0%| F|  |TAMS 0x00000000e9a00000, 0x00000000e9a00000| Untracked 
| 155|0x00000000e9b00000, 0x00000000e9b00000, 0x00000000e9c00000|  0%| F|  |TAMS 0x00000000e9b00000, 0x00000000e9b00000| Untracked 
| 156|0x00000000e9c00000, 0x00000000e9c00000, 0x00000000e9d00000|  0%| F|  |TAMS 0x00000000e9c00000, 0x00000000e9c00000| Untracked 
| 157|0x00000000e9d00000, 0x00000000e9d00000, 0x00000000e9e00000|  0%| F|  |TAMS 0x00000000e9d00000, 0x00000000e9d00000| Untracked 
| 158|0x00000000e9e00000, 0x00000000e9e00000, 0x00000000e9f00000|  0%| F|  |TAMS 0x00000000e9e00000, 0x00000000e9e00000| Untracked 
| 159|0x00000000e9f00000, 0x00000000e9f00000, 0x00000000ea000000|  0%| F|  |TAMS 0x00000000e9f00000, 0x00000000e9f00000| Untracked 
| 160|0x00000000ea000000, 0x00000000ea000000, 0x00000000ea100000|  0%| F|  |TAMS 0x00000000ea000000, 0x00000000ea000000| Untracked 
| 161|0x00000000ea100000, 0x00000000ea100000, 0x00000000ea200000|  0%| F|  |TAMS 0x00000000ea100000, 0x00000000ea100000| Untracked 
| 162|0x00000000ea200000, 0x00000000ea200000, 0x00000000ea300000|  0%| F|  |TAMS 0x00000000ea200000, 0x00000000ea200000| Untracked 
| 163|0x00000000ea300000, 0x00000000ea300000, 0x00000000ea400000|  0%| F|  |TAMS 0x00000000ea300000, 0x00000000ea300000| Untracked 
| 164|0x00000000ea400000, 0x00000000ea400000, 0x00000000ea500000|  0%| F|  |TAMS 0x00000000ea400000, 0x00000000ea400000| Untracked 
| 165|0x00000000ea500000, 0x00000000ea500000, 0x00000000ea600000|  0%| F|  |TAMS 0x00000000ea500000, 0x00000000ea500000| Untracked 
| 166|0x00000000ea600000, 0x00000000ea600000, 0x00000000ea700000|  0%| F|  |TAMS 0x00000000ea600000, 0x00000000ea600000| Untracked 
| 167|0x00000000ea700000, 0x00000000ea700000, 0x00000000ea800000|  0%| F|  |TAMS 0x00000000ea700000, 0x00000000ea700000| Untracked 
| 168|0x00000000ea800000, 0x00000000ea800000, 0x00000000ea900000|  0%| F|  |TAMS 0x00000000ea800000, 0x00000000ea800000| Untracked 
| 169|0x00000000ea900000, 0x00000000ea900000, 0x00000000eaa00000|  0%| F|  |TAMS 0x00000000ea900000, 0x00000000ea900000| Untracked 
| 170|0x00000000eaa00000, 0x00000000eaa00000, 0x00000000eab00000|  0%| F|  |TAMS 0x00000000eaa00000, 0x00000000eaa00000| Untracked 
| 171|0x00000000eab00000, 0x00000000eab00000, 0x00000000eac00000|  0%| F|  |TAMS 0x00000000eab00000, 0x00000000eab00000| Untracked 
| 172|0x00000000eac00000, 0x00000000eac00000, 0x00000000ead00000|  0%| F|  |TAMS 0x00000000eac00000, 0x00000000eac00000| Untracked 
| 173|0x00000000ead00000, 0x00000000ead00000, 0x00000000eae00000|  0%| F|  |TAMS 0x00000000ead00000, 0x00000000ead00000| Untracked 
| 174|0x00000000eae00000, 0x00000000eae00000, 0x00000000eaf00000|  0%| F|  |TAMS 0x00000000eae00000, 0x00000000eae00000| Untracked 
| 175|0x00000000eaf00000, 0x00000000eaf00000, 0x00000000eb000000|  0%| F|  |TAMS 0x00000000eaf00000, 0x00000000eaf00000| Untracked 
| 176|0x00000000eb000000, 0x00000000eb000000, 0x00000000eb100000|  0%| F|  |TAMS 0x00000000eb000000, 0x00000000eb000000| Untracked 
| 177|0x00000000eb100000, 0x00000000eb100000, 0x00000000eb200000|  0%| F|  |TAMS 0x00000000eb100000, 0x00000000eb100000| Untracked 
| 178|0x00000000eb200000, 0x00000000eb200000, 0x00000000eb300000|  0%| F|  |TAMS 0x00000000eb200000, 0x00000000eb200000| Untracked 
| 179|0x00000000eb300000, 0x00000000eb300000, 0x00000000eb400000|  0%| F|  |TAMS 0x00000000eb300000, 0x00000000eb300000| Untracked 
| 180|0x00000000eb400000, 0x00000000eb400000, 0x00000000eb500000|  0%| F|  |TAMS 0x00000000eb400000, 0x00000000eb400000| Untracked 
| 181|0x00000000eb500000, 0x00000000eb500000, 0x00000000eb600000|  0%| F|  |TAMS 0x00000000eb500000, 0x00000000eb500000| Untracked 
| 182|0x00000000eb600000, 0x00000000eb600000, 0x00000000eb700000|  0%| F|  |TAMS 0x00000000eb600000, 0x00000000eb600000| Untracked 
| 183|0x00000000eb700000, 0x00000000eb700000, 0x00000000eb800000|  0%| F|  |TAMS 0x00000000eb700000, 0x00000000eb700000| Untracked 
| 184|0x00000000eb800000, 0x00000000eb800000, 0x00000000eb900000|  0%| F|  |TAMS 0x00000000eb800000, 0x00000000eb800000| Untracked 
| 185|0x00000000eb900000, 0x00000000eb900000, 0x00000000eba00000|  0%| F|  |TAMS 0x00000000eb900000, 0x00000000eb900000| Untracked 
| 186|0x00000000eba00000, 0x00000000eba00000, 0x00000000ebb00000|  0%| F|  |TAMS 0x00000000eba00000, 0x00000000eba00000| Untracked 
| 187|0x00000000ebb00000, 0x00000000ebb00000, 0x00000000ebc00000|  0%| F|  |TAMS 0x00000000ebb00000, 0x00000000ebb00000| Untracked 
| 188|0x00000000ebc00000, 0x00000000ebc00000, 0x00000000ebd00000|  0%| F|  |TAMS 0x00000000ebc00000, 0x00000000ebc00000| Untracked 
| 189|0x00000000ebd00000, 0x00000000ebd00000, 0x00000000ebe00000|  0%| F|  |TAMS 0x00000000ebd00000, 0x00000000ebd00000| Untracked 
| 190|0x00000000ebe00000, 0x00000000ebe00000, 0x00000000ebf00000|  0%| F|  |TAMS 0x00000000ebe00000, 0x00000000ebe00000| Untracked 
| 191|0x00000000ebf00000, 0x00000000ebf00000, 0x00000000ec000000|  0%| F|  |TAMS 0x00000000ebf00000, 0x00000000ebf00000| Untracked 
| 192|0x00000000ec000000, 0x00000000ec000000, 0x00000000ec100000|  0%| F|  |TAMS 0x00000000ec000000, 0x00000000ec000000| Untracked 
| 193|0x00000000ec100000, 0x00000000ec200000, 0x00000000ec200000|100%| E|  |TAMS 0x00000000ec100000, 0x00000000ec100000| Complete 
| 194|0x00000000ec200000, 0x00000000ec300000, 0x00000000ec300000|100%| E|CS|TAMS 0x00000000ec200000, 0x00000000ec200000| Complete 
| 195|0x00000000ec300000, 0x00000000ec400000, 0x00000000ec400000|100%| E|CS|TAMS 0x00000000ec300000, 0x00000000ec300000| Complete 
| 196|0x00000000ec400000, 0x00000000ec500000, 0x00000000ec500000|100%| E|CS|TAMS 0x00000000ec400000, 0x00000000ec400000| Complete 
| 197|0x00000000ec500000, 0x00000000ec600000, 0x00000000ec600000|100%| E|CS|TAMS 0x00000000ec500000, 0x00000000ec500000| Complete 
| 198|0x00000000ec600000, 0x00000000ec700000, 0x00000000ec700000|100%| E|CS|TAMS 0x00000000ec600000, 0x00000000ec600000| Complete 
| 199|0x00000000ec700000, 0x00000000ec800000, 0x00000000ec800000|100%| E|CS|TAMS 0x00000000ec700000, 0x00000000ec700000| Complete 
| 200|0x00000000ec800000, 0x00000000ec900000, 0x00000000ec900000|100%| E|CS|TAMS 0x00000000ec800000, 0x00000000ec800000| Complete 
| 201|0x00000000ec900000, 0x00000000eca00000, 0x00000000eca00000|100%| E|CS|TAMS 0x00000000ec900000, 0x00000000ec900000| Complete 
| 202|0x00000000eca00000, 0x00000000ecb00000, 0x00000000ecb00000|100%| E|CS|TAMS 0x00000000eca00000, 0x00000000eca00000| Complete 
| 203|0x00000000ecb00000, 0x00000000ecc00000, 0x00000000ecc00000|100%| E|CS|TAMS 0x00000000ecb00000, 0x00000000ecb00000| Complete 
| 204|0x00000000ecc00000, 0x00000000ecd00000, 0x00000000ecd00000|100%| E|CS|TAMS 0x00000000ecc00000, 0x00000000ecc00000| Complete 
| 205|0x00000000ecd00000, 0x00000000ece00000, 0x00000000ece00000|100%| E|CS|TAMS 0x00000000ecd00000, 0x00000000ecd00000| Complete 
| 206|0x00000000ece00000, 0x00000000ecf00000, 0x00000000ecf00000|100%| E|CS|TAMS 0x00000000ece00000, 0x00000000ece00000| Complete 
| 207|0x00000000ecf00000, 0x00000000ed000000, 0x00000000ed000000|100%| E|CS|TAMS 0x00000000ecf00000, 0x00000000ecf00000| Complete 
| 208|0x00000000ed000000, 0x00000000ed100000, 0x00000000ed100000|100%| E|CS|TAMS 0x00000000ed000000, 0x00000000ed000000| Complete 
| 209|0x00000000ed100000, 0x00000000ed200000, 0x00000000ed200000|100%| E|CS|TAMS 0x00000000ed100000, 0x00000000ed100000| Complete 
| 210|0x00000000ed200000, 0x00000000ed300000, 0x00000000ed300000|100%| E|CS|TAMS 0x00000000ed200000, 0x00000000ed200000| Complete 
| 211|0x00000000ed300000, 0x00000000ed400000, 0x00000000ed400000|100%| E|CS|TAMS 0x00000000ed300000, 0x00000000ed300000| Complete 
| 212|0x00000000ed400000, 0x00000000ed500000, 0x00000000ed500000|100%| E|CS|TAMS 0x00000000ed400000, 0x00000000ed400000| Complete 
| 213|0x00000000ed500000, 0x00000000ed600000, 0x00000000ed600000|100%| E|CS|TAMS 0x00000000ed500000, 0x00000000ed500000| Complete 
| 214|0x00000000ed600000, 0x00000000ed700000, 0x00000000ed700000|100%| E|CS|TAMS 0x00000000ed600000, 0x00000000ed600000| Complete 
| 215|0x00000000ed700000, 0x00000000ed800000, 0x00000000ed800000|100%| E|CS|TAMS 0x00000000ed700000, 0x00000000ed700000| Complete 
| 216|0x00000000ed800000, 0x00000000ed900000, 0x00000000ed900000|100%| E|CS|TAMS 0x00000000ed800000, 0x00000000ed800000| Complete 
| 217|0x00000000ed900000, 0x00000000eda00000, 0x00000000eda00000|100%| E|CS|TAMS 0x00000000ed900000, 0x00000000ed900000| Complete 
| 218|0x00000000eda00000, 0x00000000edb00000, 0x00000000edb00000|100%| E|CS|TAMS 0x00000000eda00000, 0x00000000eda00000| Complete 
| 219|0x00000000edb00000, 0x00000000edc00000, 0x00000000edc00000|100%| E|CS|TAMS 0x00000000edb00000, 0x00000000edb00000| Complete 
| 220|0x00000000edc00000, 0x00000000edd00000, 0x00000000edd00000|100%| E|CS|TAMS 0x00000000edc00000, 0x00000000edc00000| Complete 
| 221|0x00000000edd00000, 0x00000000ede00000, 0x00000000ede00000|100%| E|  |TAMS 0x00000000edd00000, 0x00000000edd00000| Complete 
| 222|0x00000000ede00000, 0x00000000edf00000, 0x00000000edf00000|100%| E|CS|TAMS 0x00000000ede00000, 0x00000000ede00000| Complete 
| 223|0x00000000edf00000, 0x00000000ee000000, 0x00000000ee000000|100%| E|CS|TAMS 0x00000000edf00000, 0x00000000edf00000| Complete 
| 224|0x00000000ee000000, 0x00000000ee100000, 0x00000000ee100000|100%| E|CS|TAMS 0x00000000ee000000, 0x00000000ee000000| Complete 
| 225|0x00000000ee100000, 0x00000000ee200000, 0x00000000ee200000|100%| E|CS|TAMS 0x00000000ee100000, 0x00000000ee100000| Complete 
| 226|0x00000000ee200000, 0x00000000ee300000, 0x00000000ee300000|100%| E|CS|TAMS 0x00000000ee200000, 0x00000000ee200000| Complete 
| 227|0x00000000ee300000, 0x00000000ee400000, 0x00000000ee400000|100%| E|CS|TAMS 0x00000000ee300000, 0x00000000ee300000| Complete 
| 228|0x00000000ee400000, 0x00000000ee500000, 0x00000000ee500000|100%| E|CS|TAMS 0x00000000ee400000, 0x00000000ee400000| Complete 
| 229|0x00000000ee500000, 0x00000000ee600000, 0x00000000ee600000|100%| E|CS|TAMS 0x00000000ee500000, 0x00000000ee500000| Complete 
| 230|0x00000000ee600000, 0x00000000ee700000, 0x00000000ee700000|100%| E|CS|TAMS 0x00000000ee600000, 0x00000000ee600000| Complete 
| 231|0x00000000ee700000, 0x00000000ee800000, 0x00000000ee800000|100%| E|CS|TAMS 0x00000000ee700000, 0x00000000ee700000| Complete 
| 232|0x00000000ee800000, 0x00000000ee900000, 0x00000000ee900000|100%| E|CS|TAMS 0x00000000ee800000, 0x00000000ee800000| Complete 
| 233|0x00000000ee900000, 0x00000000eea00000, 0x00000000eea00000|100%| E|CS|TAMS 0x00000000ee900000, 0x00000000ee900000| Complete 
| 234|0x00000000eea00000, 0x00000000eeb00000, 0x00000000eeb00000|100%| E|CS|TAMS 0x00000000eea00000, 0x00000000eea00000| Complete 
| 235|0x00000000eeb00000, 0x00000000eec00000, 0x00000000eec00000|100%| E|CS|TAMS 0x00000000eeb00000, 0x00000000eeb00000| Complete 
| 236|0x00000000eec00000, 0x00000000eed00000, 0x00000000eed00000|100%| E|CS|TAMS 0x00000000eec00000, 0x00000000eec00000| Complete 
| 237|0x00000000eed00000, 0x00000000eed3add0, 0x00000000eee00000| 22%| S|CS|TAMS 0x00000000eed00000, 0x00000000eed00000| Complete 
| 238|0x00000000eee00000, 0x00000000eef00000, 0x00000000eef00000|100%| S|CS|TAMS 0x00000000eee00000, 0x00000000eee00000| Complete 
| 239|0x00000000eef00000, 0x00000000ef000000, 0x00000000ef000000|100%| S|CS|TAMS 0x00000000eef00000, 0x00000000eef00000| Complete 
| 240|0x00000000ef000000, 0x00000000ef100000, 0x00000000ef100000|100%| S|CS|TAMS 0x00000000ef000000, 0x00000000ef000000| Complete 
| 241|0x00000000ef100000, 0x00000000ef200000, 0x00000000ef200000|100%| S|CS|TAMS 0x00000000ef100000, 0x00000000ef100000| Complete 
| 242|0x00000000ef200000, 0x00000000ef300000, 0x00000000ef300000|100%| S|CS|TAMS 0x00000000ef200000, 0x00000000ef200000| Complete 
| 243|0x00000000ef300000, 0x00000000ef400000, 0x00000000ef400000|100%| S|CS|TAMS 0x00000000ef300000, 0x00000000ef300000| Complete 
| 244|0x00000000ef400000, 0x00000000ef500000, 0x00000000ef500000|100%| E|CS|TAMS 0x00000000ef400000, 0x00000000ef400000| Complete 
| 245|0x00000000ef500000, 0x00000000ef600000, 0x00000000ef600000|100%| E|CS|TAMS 0x00000000ef500000, 0x00000000ef500000| Complete 
| 246|0x00000000ef600000, 0x00000000ef700000, 0x00000000ef700000|100%| E|CS|TAMS 0x00000000ef600000, 0x00000000ef600000| Complete 
| 247|0x00000000ef700000, 0x00000000ef800000, 0x00000000ef800000|100%| E|CS|TAMS 0x00000000ef700000, 0x00000000ef700000| Complete 
| 248|0x00000000ef800000, 0x00000000ef900000, 0x00000000ef900000|100%| E|CS|TAMS 0x00000000ef800000, 0x00000000ef800000| Complete 
| 249|0x00000000ef900000, 0x00000000efa00000, 0x00000000efa00000|100%| E|CS|TAMS 0x00000000ef900000, 0x00000000ef900000| Complete 
| 250|0x00000000efa00000, 0x00000000efb00000, 0x00000000efb00000|100%| E|CS|TAMS 0x00000000efa00000, 0x00000000efa00000| Complete 
| 251|0x00000000efb00000, 0x00000000efc00000, 0x00000000efc00000|100%| E|CS|TAMS 0x00000000efb00000, 0x00000000efb00000| Complete 
| 252|0x00000000efc00000, 0x00000000efd00000, 0x00000000efd00000|100%| E|CS|TAMS 0x00000000efc00000, 0x00000000efc00000| Complete 
| 253|0x00000000efd00000, 0x00000000efe00000, 0x00000000efe00000|100%| E|CS|TAMS 0x00000000efd00000, 0x00000000efd00000| Complete 
| 254|0x00000000efe00000, 0x00000000eff00000, 0x00000000eff00000|100%| E|CS|TAMS 0x00000000efe00000, 0x00000000efe00000| Complete 
| 255|0x00000000eff00000, 0x00000000f0000000, 0x00000000f0000000|100%| E|CS|TAMS 0x00000000eff00000, 0x00000000eff00000| Complete 

Card table byte_map: [0x0000018c74440000,0x0000018c74540000] _byte_map_base: 0x0000018c73d40000

Marking Bits (Prev, Next): (CMBitMap*) 0x0000018c6cae70f0, (CMBitMap*) 0x0000018c6cae70b0
 Prev Bits: [0x0000018c74e40000, 0x0000018c75640000)
 Next Bits: [0x0000018c74640000, 0x0000018c74e40000)

Polling page: 0x0000018c6aac0000

Metaspace:

Usage:
  Non-class:     53.84 MB used.
      Class:      8.46 MB used.
       Both:     62.30 MB used.

Virtual space:
  Non-class space:       56.00 MB reserved,      54.19 MB ( 97%) committed,  7 nodes.
      Class space:      208.00 MB reserved,       8.75 MB (  4%) committed,  1 nodes.
              Both:      264.00 MB reserved,      62.94 MB ( 24%) committed. 

Chunk freelists:
   Non-Class:  1.77 MB
       Class:  3.13 MB
        Both:  4.89 MB

MaxMetaspaceSize: 256.00 MB
CompressedClassSpaceSize: 208.00 MB
 - commit_granule_bytes: 65536.
 - commit_granule_words: 8192.
 - virtual_space_node_default_size: 1048576.
 - enlarge_chunks_in_place: 1.
 - new_chunks_are_fully_committed: 0.
 - uncommit_free_chunks: 1.
 - use_allocation_guard: 0.
 - handle_deallocations: 1.


Internal statistics:

num_allocs_failed_limit: 12.
num_arena_births: 1020.
num_arena_deaths: 316.
num_vsnodes_births: 8.
num_vsnodes_deaths: 0.
num_space_committed: 1007.
num_space_uncommitted: 0.
num_chunks_returned_to_freelist: 414.
num_chunks_taken_from_freelist: 3902.
num_chunk_merges: 152.
num_chunk_splits: 2361.
num_chunks_enlarged: 1432.
num_purges: 2.

CodeHeap 'non-profiled nmethods': size=120000Kb used=4426Kb max_used=4426Kb free=115573Kb
 bounds [0x0000018c07ad0000, 0x0000018c07f30000, 0x0000018c0f000000]
CodeHeap 'profiled nmethods': size=120000Kb used=15277Kb max_used=15277Kb free=104722Kb
 bounds [0x0000018c005a0000, 0x0000018c01490000, 0x0000018c07ad0000]
CodeHeap 'non-nmethods': size=5760Kb used=2353Kb max_used=2458Kb free=3406Kb
 bounds [0x0000018c00000000, 0x0000018c00280000, 0x0000018c005a0000]
 total_blobs=8201 nmethods=7330 adapters=783
 compilation: enabled
              stopped_count=0, restarted_count=0
 full_count=0

Compilation events (20 events):
Event: 1115.174 Thread 0x0000018c77e80eb0 8119       3       java.util.concurrent.CountDownLatch$Sync::tryAcquireShared (13 bytes)
Event: 1115.174 Thread 0x0000018c77e80eb0 nmethod 8119 0x0000018c01481e90 code [0x0000018c01482040, 0x0000018c014821d8]
Event: 1115.174 Thread 0x0000018c77e80eb0 8120       3       org.gradle.internal.resources.DefaultResourceLockCoordinationService$DefaultResourceLockState::<init> (5 bytes)
Event: 1115.174 Thread 0x0000018c77e80eb0 nmethod 8120 0x0000018c01482290 code [0x0000018c01482440, 0x0000018c014825f8]
Event: 1115.174 Thread 0x0000018c77e80eb0 8121       3       org.gradle.internal.resources.DefaultResourceLockCoordinationService$DefaultResourceLockState::<init> (5 bytes)
Event: 1115.174 Thread 0x0000018c77e80eb0 nmethod 8121 0x0000018c01482710 code [0x0000018c014828c0, 0x0000018c01482a18]
Event: 1115.175 Thread 0x0000018c77e80eb0 8122       3       java.util.ArrayList::clear (43 bytes)
Event: 1115.175 Thread 0x0000018c77e80eb0 nmethod 8122 0x0000018c01482b10 code [0x0000018c01482cc0, 0x0000018c01483058]
Event: 1115.175 Thread 0x0000018c77e80eb0 8123       3       org.gradle.workers.internal.WorkerDaemonClientsManager$LogLevelChangeEventListener::onOutput (25 bytes)
Event: 1115.175 Thread 0x0000018c77e80eb0 nmethod 8123 0x0000018c01483190 code [0x0000018c01483360, 0x0000018c014837b8]
Event: 1115.175 Thread 0x0000018c77e784a0 8124       4       org.gradle.internal.event.BroadcastDispatch$SingletonDispatch::dispatch (9 bytes)
Event: 1115.175 Thread 0x0000018c77e80eb0 8125       3       org.gradle.internal.service.scopes.VirtualFileSystemServices$GradleUserHomeServices$$Lambda$126/0x0000000800de3c70::test (12 bytes)
Event: 1115.176 Thread 0x0000018c77e80eb0 nmethod 8125 0x0000018c01483910 code [0x0000018c01483ae0, 0x0000018c01483f28]
Event: 1115.176 Thread 0x0000018c77e80eb0 8127       3       org.gradle.internal.snapshot.AbstractFileSystemLocationSnapshot::accept (8 bytes)
Event: 1115.176 Thread 0x0000018c77e80eb0 nmethod 8127 0x0000018c01484090 code [0x0000018c01484240, 0x0000018c01484428]
Event: 1115.176 Thread 0x0000018c77e80eb0 8126       3       org.gradle.internal.service.scopes.VirtualFileSystemServices$GradleUserHomeServices::lambda$createVirtualFileSystem$0 (16 bytes)
Event: 1115.176 Thread 0x0000018c77e80eb0 nmethod 8126 0x0000018c01484510 code [0x0000018c014846c0, 0x0000018c01484988]
Event: 1115.183 Thread 0x0000018c77e784a0 nmethod 8124 0x0000018c07f21b10 code [0x0000018c07f21d00, 0x0000018c07f223d0]
Event: 1115.197 Thread 0x0000018c77e80eb0 8128       3       org.gradle.internal.snapshot.AbstractListChildMap::visitChildren (47 bytes)
Event: 1115.197 Thread 0x0000018c77e80eb0 nmethod 8128 0x0000018c01484a90 code [0x0000018c01484c80, 0x0000018c014852d8]

GC Heap History (14 events):
Event: 0.519 GC heap before
{Heap before GC invocations=0 (full 0):
 garbage-first heap   total 262144K, used 26624K [0x00000000e0000000, 0x0000000100000000)
  region size 1024K, 21 young (21504K), 0 survivors (0K)
 Metaspace       used 3068K, committed 3264K, reserved 221184K
  class space    used 378K, committed 448K, reserved 212992K
}
Event: 0.523 GC heap after
{Heap after GC invocations=1 (full 0):
 garbage-first heap   total 262144K, used 9389K [0x00000000e0000000, 0x0000000100000000)
  region size 1024K, 3 young (3072K), 3 survivors (3072K)
 Metaspace       used 3068K, committed 3264K, reserved 221184K
  class space    used 378K, committed 448K, reserved 212992K
}
Event: 0.836 GC heap before
{Heap before GC invocations=1 (full 0):
 garbage-first heap   total 262144K, used 33965K [0x00000000e0000000, 0x0000000100000000)
  region size 1024K, 27 young (27648K), 3 survivors (3072K)
 Metaspace       used 3979K, committed 4224K, reserved 221184K
  class space    used 473K, committed 576K, reserved 212992K
}
Event: 0.838 GC heap after
{Heap after GC invocations=2 (full 0):
 garbage-first heap   total 262144K, used 9628K [0x00000000e0000000, 0x0000000100000000)
  region size 1024K, 1 young (1024K), 1 survivors (1024K)
 Metaspace       used 3979K, committed 4224K, reserved 221184K
  class space    used 473K, committed 576K, reserved 212992K
}
Event: 2.777 GC heap before
{Heap before GC invocations=2 (full 0):
 garbage-first heap   total 262144K, used 137628K [0x00000000e0000000, 0x0000000100000000)
  region size 1024K, 117 young (119808K), 1 survivors (1024K)
 Metaspace       used 20963K, committed 21248K, reserved 237568K
  class space    used 3100K, committed 3200K, reserved 212992K
}
Event: 2.785 GC heap after
{Heap after GC invocations=3 (full 0):
 garbage-first heap   total 262144K, used 32792K [0x00000000e0000000, 0x0000000100000000)
  region size 1024K, 14 young (14336K), 14 survivors (14336K)
 Metaspace       used 20963K, committed 21248K, reserved 237568K
  class space    used 3100K, committed 3200K, reserved 212992K
}
Event: 4.416 GC heap before
{Heap before GC invocations=4 (full 0):
 garbage-first heap   total 262144K, used 146456K [0x00000000e0000000, 0x0000000100000000)
  region size 1024K, 115 young (117760K), 14 survivors (14336K)
 Metaspace       used 35286K, committed 35648K, reserved 245760K
  class space    used 4704K, committed 4864K, reserved 212992K
}
Event: 4.429 GC heap after
{Heap after GC invocations=5 (full 0):
 garbage-first heap   total 262144K, used 50802K [0x00000000e0000000, 0x0000000100000000)
  region size 1024K, 11 young (11264K), 11 survivors (11264K)
 Metaspace       used 35286K, committed 35648K, reserved 245760K
  class space    used 4704K, committed 4864K, reserved 212992K
}
Event: 6.352 GC heap before
{Heap before GC invocations=6 (full 0):
 garbage-first heap   total 262144K, used 204402K [0x00000000e0000000, 0x0000000100000000)
  region size 1024K, 140 young (143360K), 11 survivors (11264K)
 Metaspace       used 47182K, committed 47744K, reserved 262144K
  class space    used 6526K, committed 6784K, reserved 212992K
}
Event: 6.375 GC heap after
{Heap after GC invocations=7 (full 0):
 garbage-first heap   total 262144K, used 88007K [0x00000000e0000000, 0x0000000100000000)
  region size 1024K, 15 young (15360K), 15 survivors (15360K)
 Metaspace       used 47182K, committed 47744K, reserved 262144K
  class space    used 6526K, committed 6784K, reserved 212992K
}
Event: 1075.305 GC heap before
{Heap before GC invocations=7 (full 0):
 garbage-first heap   total 262144K, used 197575K [0x00000000e0000000, 0x0000000100000000)
  region size 1024K, 122 young (124928K), 15 survivors (15360K)
 Metaspace       used 53860K, committed 54592K, reserved 262144K
  class space    used 7348K, committed 7680K, reserved 212992K
}
Event: 1075.318 GC heap after
{Heap after GC invocations=8 (full 0):
 garbage-first heap   total 262144K, used 94992K [0x00000000e0000000, 0x0000000100000000)
  region size 1024K, 7 young (7168K), 7 survivors (7168K)
 Metaspace       used 53860K, committed 54592K, reserved 262144K
  class space    used 7348K, committed 7680K, reserved 212992K
}
Event: 1075.947 GC heap before
{Heap before GC invocations=8 (full 0):
 garbage-first heap   total 262144K, used 105232K [0x00000000e0000000, 0x0000000100000000)
  region size 1024K, 19 young (19456K), 7 survivors (7168K)
 Metaspace       used 58893K, committed 59648K, reserved 270336K
  class space    used 8104K, committed 8448K, reserved 212992K
}
Event: 1075.955 GC heap after
{Heap after GC invocations=9 (full 0):
 garbage-first heap   total 262144K, used 94204K [0x00000000e0000000, 0x0000000100000000)
  region size 1024K, 7 young (7168K), 7 survivors (7168K)
 Metaspace       used 58893K, committed 59648K, reserved 270336K
  class space    used 8104K, committed 8448K, reserved 212992K
}

Deoptimization events (20 events):
Event: 1104.725 Thread 0x0000018c7a16db00 Uncommon trap: trap_request=0xffffffc6 fr.pc=0x0000018c07e520a0 relative=0x0000000000006320
Event: 1104.725 Thread 0x0000018c7a16db00 Uncommon trap: reason=bimorphic_or_optimized_type_check action=maybe_recompile pc=0x0000018c07e520a0 method=jdk.internal.loader.BuiltinClassLoader.loadClassOrNull(Ljava/lang/String;)Ljava/lang/Class; @ 3 c2
Event: 1104.725 Thread 0x0000018c7a16db00 DEOPT PACKING pc=0x0000018c07e520a0 sp=0x0000000e638f8930
Event: 1104.725 Thread 0x0000018c7a16db00 DEOPT UNPACKING pc=0x0000018c0004d72e sp=0x0000000e638f8850 mode 2
Event: 1114.477 Thread 0x0000018c7b926aa0 Uncommon trap: trap_request=0xffffffde fr.pc=0x0000018c07b488cc relative=0x000000000000178c
Event: 1114.478 Thread 0x0000018c7b926aa0 Uncommon trap: reason=class_check action=maybe_recompile pc=0x0000018c07b488cc method=sun.management.spi.PlatformMBeanProvider$PlatformComponent.getMBeans(Ljava/lang/Class;)Ljava/util/List; @ 26 c2
Event: 1114.478 Thread 0x0000018c7b926aa0 DEOPT PACKING pc=0x0000018c07b488cc sp=0x0000000e61bfe760
Event: 1114.478 Thread 0x0000018c7b926aa0 DEOPT UNPACKING pc=0x0000018c0004d72e sp=0x0000000e61bfe758 mode 2
Event: 1114.853 Thread 0x0000018c7a16e050 Uncommon trap: trap_request=0xffffffde fr.pc=0x0000018c07bb1880 relative=0x0000000000000060
Event: 1114.853 Thread 0x0000018c7a16e050 Uncommon trap: reason=class_check action=maybe_recompile pc=0x0000018c07bb1880 method=com.google.common.base.Joiner.toString(Ljava/lang/Object;)Ljava/lang/CharSequence; @ 6 c2
Event: 1114.853 Thread 0x0000018c7a16e050 DEOPT PACKING pc=0x0000018c07bb1880 sp=0x0000000e638f9240
Event: 1114.853 Thread 0x0000018c7a16e050 DEOPT UNPACKING pc=0x0000018c0004d72e sp=0x0000000e638f91d0 mode 2
Event: 1114.882 Thread 0x0000018c7a16e050 Uncommon trap: trap_request=0xffffffde fr.pc=0x0000018c07c6d3fc relative=0x00000000000047fc
Event: 1114.882 Thread 0x0000018c7a16e050 Uncommon trap: reason=class_check action=maybe_recompile pc=0x0000018c07c6d3fc method=jdk.internal.loader.URLClassPath.getLoader(I)Ljdk/internal/loader/URLClassPath$Loader; @ 88 c2
Event: 1114.882 Thread 0x0000018c7a16e050 DEOPT PACKING pc=0x0000018c07c6d3fc sp=0x0000000e638f8940
Event: 1114.882 Thread 0x0000018c7a16e050 DEOPT UNPACKING pc=0x0000018c0004d72e sp=0x0000000e638f8970 mode 2
Event: 1114.952 Thread 0x0000018c7a16e050 Uncommon trap: trap_request=0xffffffc6 fr.pc=0x0000018c07e520a0 relative=0x0000000000006320
Event: 1114.952 Thread 0x0000018c7a16e050 Uncommon trap: reason=bimorphic_or_optimized_type_check action=maybe_recompile pc=0x0000018c07e520a0 method=jdk.internal.loader.BuiltinClassLoader.loadClassOrNull(Ljava/lang/String;)Ljava/lang/Class; @ 3 c2
Event: 1114.952 Thread 0x0000018c7a16e050 DEOPT PACKING pc=0x0000018c07e520a0 sp=0x0000000e638f8710
Event: 1114.952 Thread 0x0000018c7a16e050 DEOPT UNPACKING pc=0x0000018c0004d72e sp=0x0000000e638f8630 mode 2

Classes unloaded (20 events):
Event: 1075.988 Thread 0x0000018c77e4ee90 Unloading class 0x0000000800d1c400 'jdk/internal/reflect/GeneratedSerializationConstructorAccessor1'
Event: 1075.988 Thread 0x0000018c77e4ee90 Unloading class 0x0000000800cea400 'java/lang/invoke/LambdaForm$DMH+0x0000000800cea400'
Event: 1075.988 Thread 0x0000018c77e4ee90 Unloading class 0x0000000800ce9c00 'java/lang/invoke/LambdaForm$DMH+0x0000000800ce9c00'
Event: 1075.988 Thread 0x0000018c77e4ee90 Unloading class 0x0000000800ce9800 'java/lang/invoke/LambdaForm$MH+0x0000000800ce9800'
Event: 1075.988 Thread 0x0000018c77e4ee90 Unloading class 0x0000000800ce9400 'java/lang/invoke/LambdaForm$MH+0x0000000800ce9400'
Event: 1075.988 Thread 0x0000018c77e4ee90 Unloading class 0x0000000800ce9000 'java/lang/invoke/LambdaForm$MH+0x0000000800ce9000'
Event: 1075.988 Thread 0x0000018c77e4ee90 Unloading class 0x0000000800ce8c00 'java/lang/invoke/LambdaForm$MH+0x0000000800ce8c00'
Event: 1075.988 Thread 0x0000018c77e4ee90 Unloading class 0x0000000800ce8800 'java/lang/invoke/LambdaForm$MH+0x0000000800ce8800'
Event: 1075.988 Thread 0x0000018c77e4ee90 Unloading class 0x0000000800ce8400 'java/lang/invoke/LambdaForm$MH+0x0000000800ce8400'
Event: 1075.988 Thread 0x0000018c77e4ee90 Unloading class 0x0000000800ce8000 'java/lang/invoke/LambdaForm$MH+0x0000000800ce8000'
Event: 1075.988 Thread 0x0000018c77e4ee90 Unloading class 0x0000000800cc3800 'java/lang/invoke/LambdaForm$MH+0x0000000800cc3800'
Event: 1075.988 Thread 0x0000018c77e4ee90 Unloading class 0x0000000800cc3000 'java/lang/invoke/LambdaForm$MH+0x0000000800cc3000'
Event: 1075.988 Thread 0x0000018c77e4ee90 Unloading class 0x0000000800cc2c00 'java/lang/invoke/LambdaForm$MH+0x0000000800cc2c00'
Event: 1075.988 Thread 0x0000018c77e4ee90 Unloading class 0x0000000800cc2800 'java/lang/invoke/LambdaForm$MH+0x0000000800cc2800'
Event: 1075.988 Thread 0x0000018c77e4ee90 Unloading class 0x0000000800cc2400 'java/lang/invoke/LambdaForm$MH+0x0000000800cc2400'
Event: 1075.988 Thread 0x0000018c77e4ee90 Unloading class 0x0000000800cc1c00 'java/lang/invoke/LambdaForm$MH+0x0000000800cc1c00'
Event: 1075.988 Thread 0x0000018c77e4ee90 Unloading class 0x0000000800c26c00 'java/lang/invoke/LambdaForm$MH+0x0000000800c26c00'
Event: 1075.988 Thread 0x0000018c77e4ee90 Unloading class 0x0000000800c26800 'java/lang/invoke/LambdaForm$MH+0x0000000800c26800'
Event: 1075.988 Thread 0x0000018c77e4ee90 Unloading class 0x0000000800c26000 'java/lang/invoke/LambdaForm$MH+0x0000000800c26000'
Event: 1075.988 Thread 0x0000018c77e4ee90 Unloading class 0x0000000800c24400 'java/lang/invoke/LambdaForm$MH+0x0000000800c24400'

Classes redefined (0 events):
No events

Internal exceptions (20 events):
Event: 1076.590 Thread 0x0000018c7a97b530 Exception <a 'java/lang/NoSuchMethodError'{0x00000000ee77b890}: 'void java.lang.invoke.DirectMethodHandle$Holder.invokeStatic(java.lang.Object, long)'> (0x00000000ee77b890) 
thrown [t:\workspace\open\src\hotspot\share\interpreter\linkResolver.cpp, line 790]
Event: 1076.591 Thread 0x0000018c7a97b530 Exception <a 'java/lang/NoSuchMethodError'{0x00000000ee781100}: 'java.lang.Object java.lang.invoke.DirectMethodHandle$Holder.newInvokeSpecial(java.lang.Object, long)'> (0x00000000ee781100) 
thrown [t:\workspace\open\src\hotspot\share\interpreter\linkResolver.cpp, line 790]
Event: 1076.593 Thread 0x0000018c7a97b530 Exception <a 'java/lang/NoSuchMethodError'{0x00000000ee797d50}: 'java.lang.Object java.lang.invoke.DirectMethodHandle$Holder.invokeStaticInit(java.lang.Object, java.lang.Object, long, java.lang.Object)'> (0x00000000ee797d50) 
thrown [t:\workspace\open\src\hotspot\share\interpreter\linkResolver.cpp, line 790]
Event: 1076.594 Thread 0x0000018c7a97b530 Exception <a 'java/lang/NoSuchMethodError'{0x00000000ee79e868}: 'java.lang.Object java.lang.invoke.DirectMethodHandle$Holder.newInvokeSpecial(java.lang.Object, java.lang.Object, long)'> (0x00000000ee79e868) 
thrown [t:\workspace\open\src\hotspot\share\interpreter\linkResolver.cpp, line 790]
Event: 1076.594 Thread 0x0000018c7a97b530 Exception <a 'java/lang/NoSuchMethodError'{0x00000000ee7a25c0}: 'java.lang.Object java.lang.invoke.Invokers$Holder.linkToTargetMethod(java.lang.Object, long, java.lang.Object)'> (0x00000000ee7a25c0) 
thrown [t:\workspace\open\src\hotspot\share\interpreter\linkResolver.cpp, line 790]
Event: 1098.477 Thread 0x0000018c7b926aa0 Implicit null exception at 0x0000018c07cc4e96 to 0x0000018c07cc5438
Event: 1098.583 Thread 0x0000018c7b926aa0 Implicit null exception at 0x0000018c07de976b to 0x0000018c07de982c
Event: 1098.615 Thread 0x0000018c7b926aa0 Exception <a 'java/lang/NoSuchMethodError'{0x00000000ee030c48}: 'java.lang.Object java.lang.invoke.DelegatingMethodHandle$Holder.reinvoke_L(java.lang.Object, java.lang.Object, java.lang.Object, java.lang.Object, java.lang.Object, java.lang.Object, java.lang.Object, java.lang.Object, java.lang.Object, java.lang.Object, java.lang.Object, java.lang.Object, java.lang.Object, java.lang.Object, java.lang.Object, java.lang.Object, java.lang.Object, java.lang.Object, java.lang.Object, java.lang.Object)'> (0x000000
Event: 1098.795 Thread 0x0000018c7a171570 Exception <a 'sun/nio/fs/WindowsException'{0x00000000edc3c988}> (0x00000000edc3c988) 
thrown [t:\workspace\open\src\hotspot\share\prims\jni.cpp, line 579]
Event: 1098.795 Thread 0x0000018c7a171570 Exception <a 'sun/nio/fs/WindowsException'{0x00000000edc3cc80}> (0x00000000edc3cc80) 
thrown [t:\workspace\open\src\hotspot\share\prims\jni.cpp, line 579]
Event: 1098.805 Thread 0x0000018c7a171570 Exception <a 'sun/nio/fs/WindowsException'{0x00000000edba0880}> (0x00000000edba0880) 
thrown [t:\workspace\open\src\hotspot\share\prims\jni.cpp, line 579]
Event: 1098.830 Thread 0x0000018c7a171570 Exception <a 'sun/nio/fs/WindowsException'{0x00000000ed73d3d8}> (0x00000000ed73d3d8) 
thrown [t:\workspace\open\src\hotspot\share\prims\jni.cpp, line 579]
Event: 1104.668 Thread 0x0000018c7a16db00 Exception <a 'sun/nio/fs/WindowsException'{0x00000000ed2f3830}> (0x00000000ed2f3830) 
thrown [t:\workspace\open\src\hotspot\share\prims\jni.cpp, line 579]
Event: 1104.669 Thread 0x0000018c7a16db00 Exception <a 'sun/nio/fs/WindowsException'{0x00000000ed2f3b28}> (0x00000000ed2f3b28) 
thrown [t:\workspace\open\src\hotspot\share\prims\jni.cpp, line 579]
Event: 1104.679 Thread 0x0000018c7a16db00 Exception <a 'sun/nio/fs/WindowsException'{0x00000000ed057d30}> (0x00000000ed057d30) 
thrown [t:\workspace\open\src\hotspot\share\prims\jni.cpp, line 579]
Event: 1104.696 Thread 0x0000018c7a16db00 Exception <a 'sun/nio/fs/WindowsException'{0x00000000ecdeec48}> (0x00000000ecdeec48) 
thrown [t:\workspace\open\src\hotspot\share\prims\jni.cpp, line 579]
Event: 1114.893 Thread 0x0000018c7a16e050 Exception <a 'sun/nio/fs/WindowsException'{0x00000000ec616328}> (0x00000000ec616328) 
thrown [t:\workspace\open\src\hotspot\share\prims\jni.cpp, line 579]
Event: 1114.893 Thread 0x0000018c7a16e050 Exception <a 'sun/nio/fs/WindowsException'{0x00000000ec616620}> (0x00000000ec616620) 
thrown [t:\workspace\open\src\hotspot\share\prims\jni.cpp, line 579]
Event: 1114.901 Thread 0x0000018c7a16e050 Exception <a 'sun/nio/fs/WindowsException'{0x00000000ec578c58}> (0x00000000ec578c58) 
thrown [t:\workspace\open\src\hotspot\share\prims\jni.cpp, line 579]
Event: 1114.923 Thread 0x0000018c7a16e050 Exception <a 'sun/nio/fs/WindowsException'{0x00000000ec1323e8}> (0x00000000ec1323e8) 
thrown [t:\workspace\open\src\hotspot\share\prims\jni.cpp, line 579]

Events (20 events):
Event: 1114.664 Executing  VM operation: ICBufferFull
Event: 1114.665 Executing  VM operation: ICBufferFull done
Event: 1114.680 Thread 0x0000018c7a16e050 Thread added: 0x0000018c7a16e050
Event: 1114.680 Thread 0x0000018c7a16f590 Thread added: 0x0000018c7a16f590
Event: 1114.680 Thread 0x0000018c7a171020 Thread added: 0x0000018c7a171020
Event: 1114.680 Thread 0x0000018c7a171570 Thread added: 0x0000018c7a171570
Event: 1114.681 Thread 0x0000018c7a16b080 Thread added: 0x0000018c7a16b080
Event: 1114.704 Thread 0x0000018c7a16fae0 Thread added: 0x0000018c7a16fae0
Event: 1114.735 Executing  VM operation: ICBufferFull
Event: 1114.735 Executing  VM operation: ICBufferFull done
Event: 1114.906 Thread 0x0000018c7a2398f0 Thread added: 0x0000018c7a2398f0
Event: 1115.059 Executing  VM operation: ICBufferFull
Event: 1115.059 Executing  VM operation: ICBufferFull done
Event: 1115.070 Thread 0x0000018c7a16e5a0 Thread added: 0x0000018c7a16e5a0
Event: 1115.154 Thread 0x0000018c7a2398f0 Thread exited: 0x0000018c7a2398f0
Event: 1115.174 Thread 0x0000018c7a171570 Thread exited: 0x0000018c7a171570
Event: 1115.174 Thread 0x0000018c7a16f590 Thread exited: 0x0000018c7a16f590
Event: 1115.174 Thread 0x0000018c7a16b080 Thread exited: 0x0000018c7a16b080
Event: 1115.174 Thread 0x0000018c7a16e050 Thread exited: 0x0000018c7a16e050
Event: 1115.174 Thread 0x0000018c7a171020 Thread exited: 0x0000018c7a171020


Dynamic libraries:
0x00007ff6f0fa0000 - 0x00007ff6f0fae000 	C:\Users\ccurtis\.jdks\openjdk-16.0.2\bin\java.exe
0x00007ff98a550000 - 0x00007ff98a745000 	C:\WINDOWS\SYSTEM32\ntdll.dll
0x00007ff9885a0000 - 0x00007ff98865e000 	C:\WINDOWS\System32\KERNEL32.DLL
0x00007ff987fb0000 - 0x00007ff988279000 	C:\WINDOWS\System32\KERNELBASE.dll
0x00007ff987d50000 - 0x00007ff987e50000 	C:\WINDOWS\System32\ucrtbase.dll
0x00007ff965f20000 - 0x00007ff965f39000 	C:\Users\ccurtis\.jdks\openjdk-16.0.2\bin\VCRUNTIME140.dll
0x00007ff965e80000 - 0x00007ff965e98000 	C:\Users\ccurtis\.jdks\openjdk-16.0.2\bin\jli.dll
0x00007ff9887a0000 - 0x00007ff988941000 	C:\WINDOWS\System32\USER32.dll
0x00007ff97ac00000 - 0x00007ff97ae9a000 	C:\WINDOWS\WinSxS\amd64_microsoft.windows.common-controls_6595b64144ccf1df_6.0.19041.1110_none_60b5254171f9507e\COMCTL32.dll
0x00007ff987cd0000 - 0x00007ff987cf2000 	C:\WINDOWS\System32\win32u.dll
0x00007ff98a4e0000 - 0x00007ff98a50b000 	C:\WINDOWS\System32\GDI32.dll
0x00007ff989770000 - 0x00007ff98980e000 	C:\WINDOWS\System32\msvcrt.dll
0x00007ff988350000 - 0x00007ff98845b000 	C:\WINDOWS\System32\gdi32full.dll
0x00007ff9882b0000 - 0x00007ff98834d000 	C:\WINDOWS\System32\msvcp_win.dll
0x00007ff989460000 - 0x00007ff989490000 	C:\WINDOWS\System32\IMM32.DLL
0x00007ff968ca0000 - 0x00007ff968cac000 	C:\Users\ccurtis\.jdks\openjdk-16.0.2\bin\vcruntime140_1.dll
0x00007ff921980000 - 0x00007ff921a11000 	C:\Users\ccurtis\.jdks\openjdk-16.0.2\bin\msvcp140.dll
0x00007ff906310000 - 0x00007ff906ebb000 	C:\Users\ccurtis\.jdks\openjdk-16.0.2\bin\server\jvm.dll
0x00007ff988f20000 - 0x00007ff988fcc000 	C:\WINDOWS\System32\ADVAPI32.dll
0x00007ff988e80000 - 0x00007ff988f1b000 	C:\WINDOWS\System32\sechost.dll
0x00007ff989520000 - 0x00007ff98964a000 	C:\WINDOWS\System32\RPCRT4.dll
0x00007ff989490000 - 0x00007ff989498000 	C:\WINDOWS\System32\PSAPI.DLL
0x00007ff97c2e0000 - 0x00007ff97c2e9000 	C:\WINDOWS\SYSTEM32\WSOCK32.dll
0x00007ff980c50000 - 0x00007ff980c5a000 	C:\WINDOWS\SYSTEM32\VERSION.dll
0x00007ff989090000 - 0x00007ff9890fb000 	C:\WINDOWS\System32\WS2_32.dll
0x00007ff97bc30000 - 0x00007ff97bc57000 	C:\WINDOWS\SYSTEM32\WINMM.dll
0x00007ff986500000 - 0x00007ff986512000 	C:\WINDOWS\SYSTEM32\kernel.appcore.dll
0x00007ff9689b0000 - 0x00007ff9689ba000 	C:\Users\ccurtis\.jdks\openjdk-16.0.2\bin\jimage.dll
0x00007ff985b10000 - 0x00007ff985cf4000 	C:\WINDOWS\SYSTEM32\DBGHELP.DLL
0x00007ff9809e0000 - 0x00007ff980a0c000 	C:\WINDOWS\SYSTEM32\dbgcore.DLL
0x00007ff988460000 - 0x00007ff9884e3000 	C:\WINDOWS\System32\bcryptPrimitives.dll
0x00007ff9656c0000 - 0x00007ff9656e5000 	C:\Users\ccurtis\.jdks\openjdk-16.0.2\bin\java.dll
0x00007ff989810000 - 0x00007ff989f4f000 	C:\WINDOWS\System32\SHELL32.dll
0x00007ff985d00000 - 0x00007ff986490000 	C:\WINDOWS\SYSTEM32\windows.storage.dll
0x00007ff989100000 - 0x00007ff989455000 	C:\WINDOWS\System32\combase.dll
0x00007ff9875e0000 - 0x00007ff98760c000 	C:\WINDOWS\SYSTEM32\Wldp.dll
0x00007ff988be0000 - 0x00007ff988c8e000 	C:\WINDOWS\System32\SHCORE.dll
0x00007ff989030000 - 0x00007ff989085000 	C:\WINDOWS\System32\shlwapi.dll
0x00007ff987bb0000 - 0x00007ff987bcf000 	C:\WINDOWS\SYSTEM32\profapi.dll
0x00007ff965930000 - 0x00007ff965949000 	C:\Users\ccurtis\.jdks\openjdk-16.0.2\bin\net.dll
0x00007ff97e880000 - 0x00007ff97e988000 	C:\WINDOWS\SYSTEM32\WINHTTP.dll
0x00007ff9873c0000 - 0x00007ff98742a000 	C:\WINDOWS\system32\mswsock.dll
0x00007ff9656a0000 - 0x00007ff9656b3000 	C:\Users\ccurtis\.jdks\openjdk-16.0.2\bin\nio.dll
0x00007ff965570000 - 0x00007ff965588000 	C:\Users\ccurtis\.jdks\openjdk-16.0.2\bin\zip.dll
0x00007ff969020000 - 0x00007ff969030000 	C:\Users\ccurtis\.jdks\openjdk-16.0.2\bin\verify.dll
0x00007ff965d80000 - 0x00007ff965da7000 	C:\Users\ccurtis\.gradle\native\8bec1ad78214c89d9ad589b4d07fe93259594b29d510b10fafb7a158f7737e5d\windows-amd64\native-platform.dll
0x00007ff921b90000 - 0x00007ff921ccd000 	C:\Users\ccurtis\.gradle\native\53dbd7edfb1c66fb8903c78663c9afc45aea4f116125fa6feffd364cf09443e8\windows-amd64\native-platform-file-events.dll
0x00007ff968ff0000 - 0x00007ff968ff9000 	C:\Users\ccurtis\.jdks\openjdk-16.0.2\bin\management.dll
0x00007ff967c00000 - 0x00007ff967c0b000 	C:\Users\ccurtis\.jdks\openjdk-16.0.2\bin\management_ext.dll
0x00007ff987620000 - 0x00007ff987638000 	C:\WINDOWS\SYSTEM32\CRYPTSP.dll
0x00007ff986cf0000 - 0x00007ff986d24000 	C:\WINDOWS\system32\rsaenh.dll
0x00007ff988280000 - 0x00007ff9882a7000 	C:\WINDOWS\System32\bcrypt.dll
0x00007ff987b70000 - 0x00007ff987b9e000 	C:\WINDOWS\SYSTEM32\USERENV.dll
0x00007ff987550000 - 0x00007ff98755c000 	C:\WINDOWS\SYSTEM32\CRYPTBASE.dll
0x00007ff987080000 - 0x00007ff9870bb000 	C:\WINDOWS\SYSTEM32\IPHLPAPI.DLL
0x00007ff988cc0000 - 0x00007ff988cc8000 	C:\WINDOWS\System32\NSI.dll
0x00007ff9833c0000 - 0x00007ff9833d7000 	C:\WINDOWS\SYSTEM32\dhcpcsvc6.DLL
0x00007ff9833a0000 - 0x00007ff9833bd000 	C:\WINDOWS\SYSTEM32\dhcpcsvc.DLL
0x00007ff9870d0000 - 0x00007ff98719c000 	C:\WINDOWS\SYSTEM32\DNSAPI.dll
0x00007ff967550000 - 0x00007ff96755e000 	C:\Users\ccurtis\.jdks\openjdk-16.0.2\bin\sunmscapi.dll
0x00007ff987e50000 - 0x00007ff987fa6000 	C:\WINDOWS\System32\CRYPT32.dll
0x00007ff987730000 - 0x00007ff987757000 	C:\WINDOWS\SYSTEM32\ncrypt.dll
0x00007ff9876f0000 - 0x00007ff98772b000 	C:\WINDOWS\SYSTEM32\NTASN1.dll
0x00007ff967540000 - 0x00007ff967547000 	C:\WINDOWS\system32\wshunix.dll

dbghelp: loaded successfully - version: 4.0.5 - missing functions: none
symbol engine: initialized successfully - sym options: 0x614 - pdb path: .;C:\Users\ccurtis\.jdks\openjdk-16.0.2\bin;C:\WINDOWS\SYSTEM32;C:\WINDOWS\WinSxS\amd64_microsoft.windows.common-controls_6595b64144ccf1df_6.0.19041.1110_none_60b5254171f9507e;C:\Users\ccurtis\.jdks\openjdk-16.0.2\bin\server;C:\Users\ccurtis\.gradle\native\8bec1ad78214c89d9ad589b4d07fe93259594b29d510b10fafb7a158f7737e5d\windows-amd64;C:\Users\ccurtis\.gradle\native\53dbd7edfb1c66fb8903c78663c9afc45aea4f116125fa6feffd364cf09443e8\windows-amd64

VM Arguments:
jvm_args: -XX:MaxMetaspaceSize=256m -XX:+HeapDumpOnOutOfMemoryError --add-opens=java.base/java.util=ALL-UNNAMED --add-opens=java.base/java.lang=ALL-UNNAMED --add-opens=java.base/java.lang.invoke=ALL-UNNAMED --add-opens=java.base/java.util=ALL-UNNAMED --add-opens=java.prefs/java.util.prefs=ALL-UNNAMED --add-opens=java.prefs/java.util.prefs=ALL-UNNAMED --add-opens=java.base/java.nio.charset=ALL-UNNAMED --add-opens=java.base/java.net=ALL-UNNAMED --add-opens=java.base/java.util.concurrent.atomic=ALL-UNNAMED -Xms256m -Xmx512m -Dfile.encoding=windows-1252 -Duser.country=US -Duser.language=en -Duser.variant 
java_command: org.gradle.launcher.daemon.bootstrap.GradleDaemon 7.1
java_class_path (initial): C:\Users\ccurtis\.gradle\wrapper\dists\gradle-7.1-bin\4pslxx9lrxt5svtz5wbnb6tkz\gradle-7.1\lib\gradle-launcher-7.1.jar
Launcher Type: SUN_STANDARD

[Global flags]
     intx CICompilerCount                          = 3                                         {product} {ergonomic}
   size_t CompressedClassSpaceSize                 = 218103808                                 {product} {ergonomic}
     uint ConcGCThreads                            = 2                                         {product} {ergonomic}
     uint G1ConcRefinementThreads                  = 6                                         {product} {ergonomic}
   size_t G1HeapRegionSize                         = 1048576                                   {product} {ergonomic}
    uintx GCDrainStackTargetSize                   = 64                                        {product} {ergonomic}
     bool HeapDumpOnOutOfMemoryError               = true                                   {manageable} {command line}
   size_t InitialHeapSize                          = 268435456                                 {product} {command line}
   size_t MarkStackSize                            = 4194304                                   {product} {ergonomic}
   size_t MaxHeapSize                              = 536870912                                 {product} {command line}
   size_t MaxMetaspaceSize                         = 268435456                                 {product} {command line}
   size_t MaxNewSize                               = 321912832                                 {product} {ergonomic}
   size_t MinHeapDeltaBytes                        = 1048576                                   {product} {ergonomic}
   size_t MinHeapSize                              = 268435456                                 {product} {command line}
    uintx NonNMethodCodeHeapSize                   = 5832780                                {pd product} {ergonomic}
    uintx NonProfiledCodeHeapSize                  = 122912730                              {pd product} {ergonomic}
    uintx ProfiledCodeHeapSize                     = 122912730                              {pd product} {ergonomic}
    uintx ReservedCodeCacheSize                    = 251658240                              {pd product} {ergonomic}
     bool SegmentedCodeCache                       = true                                      {product} {ergonomic}
   size_t SoftMaxHeapSize                          = 536870912                              {manageable} {ergonomic}
     bool UseCompressedClassPointers               = true                           {product lp64_product} {ergonomic}
     bool UseCompressedOops                        = true                           {product lp64_product} {ergonomic}
     bool UseG1GC                                  = true                                      {product} {ergonomic}
     bool UseLargePagesIndividualAllocation        = false                                  {pd product} {ergonomic}

Logging:
Log output configuration:
 #0: stdout all=warning uptime,level,tags
 #1: stderr all=off uptime,level,tags

Environment Variables:
PATH=C:\Program Files (x86)\Common Files\Oracle\Java\javapath;C:\Windows\System32;C:\Windows;C:\Windows\System32\wbem;C:\Windows\System32\WindowsPowerShell\v1.0\;C:\Windows\System32\OpenSSH\;C:\Program Files\nodejs\;C:\Gradle\gradle-7.1.1\bin;;C:\Program Files\Pandoc\;C:\Program Files\Docker\Docker\resources\bin;C:\ProgramData\DockerDesktop\version-bin;C:\Ruby27-x64\bin;C:\Users\ccurtis\AppData\Local\Programs\Python\Python39\Scripts\;C:\Users\ccurtis\AppData\Local\Programs\Python\Python39\;C:\Users\ccurtis\AppData\Local\Programs\Python\Launcher\;C:\Users\ccurtis\AppData\Local\Microsoft\WindowsApps;C:\Users\ccurtis\AppData\Local\Programs\Microsoft VS Code\bin;C:\Users\ccurtis\AppData\Local\Programs\Git\cmd;C:\Users\ccurtis\AppData\Roaming\npm;C:\Program Files (x86)\GitHub CLI\
USERNAME=ccurtis
OS=Windows_NT
PROCESSOR_IDENTIFIER=Intel64 Family 6 Model 158 Stepping 10, GenuineIntel



---------------  S Y S T E M  ---------------

OS:
 Windows 10 , 64 bit Build 19041 (10.0.19041.1202)
OS uptime: 6 days 6:38 hours
Hyper-V role detected

CPU: total 6 (initial active 6) (6 cores per cpu, 1 threads per core) family 6 model 158 stepping 10 microcode 0xb4, cx8, cmov, fxsr, mmx, 3dnowpref, sse, sse2, sse3, ssse3, sse4.1, sse4.2, popcnt, lzcnt, tsc, tscinvbit, avx, avx2, aes, erms, clmul, bmi1, bmi2, rtm, adx, fma, vzeroupper, clflush, clflushopt, hv

Memory: 4k page, system-wide physical 16207M (4467M free)
TotalPageFile size 32591M (AvailPageFile size 17725M)
current process WorkingSet (physical memory assigned to process): 431M, peak: 462M
current process commit charge ("private bytes"): 491M, peak: 522M

vm_info: OpenJDK 64-Bit Server VM (16.0.2+7-67) for windows-amd64 JRE (16.0.2+7-67), built on Jun  8 2021 23:21:43 by "mach5one" with MS VC++ 16.7 (VS2019)

END.
